<?xml version="1.0"?>
<!DOCTYPE coverage SYSTEM "http://cobertura.sourceforge.net/xml/coverage-04.dtd">

<coverage line-rate="0.0" branch-rate="0.0" lines-covered="0" lines-valid="625" branches-covered="0" branches-valid="154" complexity="1.6686746987951808" version="2.1.1" timestamp="1602500865925">
	<sources>
		<source>--source</source>
		<source>/home/travis/build/qbicsoftware/openbis-client-lib/src/main/java</source>
		<source>/home/travis/build/qbicsoftware/openbis-client-lib/src/main/groovy</source>
		<source>/home/travis/build/qbicsoftware/openbis-client-lib/target/generated-sources/annotations</source>
	</sources>
	<packages>
		<package name="life.qbic.openbis.openbisclient" line-rate="0.0" branch-rate="0.0" complexity="1.6918238993710693">
			<classes>
				<class name="life.qbic.openbis.openbisclient.IOpenBisClient" filename="life/qbic/openbis/openbisclient/IOpenBisClient.java" line-rate="1.0" branch-rate="1.0" complexity="1.0">
					<methods>
					</methods>
					<lines>
					</lines>
				</class>
				<class name="life.qbic.openbis.openbisclient.OpenBisClient" filename="life/qbic/openbis/openbisclient/OpenBisClient.java" line-rate="0.0" branch-rate="0.0" complexity="2.3095238095238093">
					<methods>
						<method name="&lt;clinit&gt;" signature="()V" line-rate="0.0" branch-rate="1.0" complexity="0">
							<lines>
								<line number="84" hits="0" branch="false"/>
							</lines>
						</method>
						<method name="&lt;init&gt;" signature="(Ljava/lang/String;Ljava/lang/String;Ljava/lang/String;)V" line-rate="0.0" branch-rate="1.0" complexity="0">
							<lines>
								<line number="80" hits="0" branch="false"/>
								<line number="93" hits="0" branch="false"/>
								<line number="94" hits="0" branch="false"/>
								<line number="95" hits="0" branch="false"/>
								<line number="96" hits="0" branch="false"/>
								<line number="97" hits="0" branch="false"/>
								<line number="99" hits="0" branch="false"/>
								<line number="100" hits="0" branch="false"/>
								<line number="101" hits="0" branch="false"/>
								<line number="102" hits="0" branch="false"/>
							</lines>
						</method>
						<method name="checksum" signature="(Ljava/lang/String;)C" line-rate="0.0" branch-rate="0.0" complexity="0">
							<lines>
								<line number="125" hits="0" branch="false"/>
								<line number="126" hits="0" branch="false"/>
								<line number="127" hits="0" branch="true" condition-coverage="0% (0/2)">
									<conditions>
										<condition number="0" type="jump" coverage="0%"/>
									</conditions>
								</line>
								<line number="128" hits="0" branch="false"/>
								<line number="129" hits="0" branch="false"/>
								<line number="131" hits="0" branch="false"/>
							</lines>
						</method>
						<method name="computeProjectStatus" signature="(Lch/ethz/sis/openbis/generic/asapi/v3/dto/project/Project;)F" line-rate="0.0" branch-rate="0.0" complexity="0">
							<lines>
								<line number="1221" hits="0" branch="false"/>
								<line number="1223" hits="0" branch="false"/>
								<line number="1224" hits="0" branch="false"/>
								<line number="1226" hits="0" branch="true" condition-coverage="0% (0/2)">
									<conditions>
										<condition number="0" type="jump" coverage="0%"/>
									</conditions>
								</line>
								<line number="1227" hits="0" branch="true" condition-coverage="0% (0/2)">
									<conditions>
										<condition number="0" type="jump" coverage="0%"/>
									</conditions>
								</line>
								<line number="1228" hits="0" branch="true" condition-coverage="0% (0/2)">
									<conditions>
										<condition number="0" type="jump" coverage="0%"/>
									</conditions>
								</line>
								<line number="1229" hits="0" branch="false"/>
								<line number="1232" hits="0" branch="false"/>
								<line number="1233" hits="0" branch="true" condition-coverage="0% (0/2)">
									<conditions>
										<condition number="0" type="jump" coverage="0%"/>
									</conditions>
								</line>
								<line number="1234" hits="0" branch="false"/>
								<line number="1236" hits="0" branch="false"/>
							</lines>
						</method>
						<method name="computeProjectStatus" signature="(Ljava/util/List;)F" line-rate="0.0" branch-rate="0.0" complexity="0">
							<lines>
								<line number="1250" hits="0" branch="false"/>
								<line number="1252" hits="0" branch="false"/>
								<line number="1254" hits="0" branch="true" condition-coverage="0% (0/2)">
									<conditions>
										<condition number="0" type="jump" coverage="0%"/>
									</conditions>
								</line>
								<line number="1255" hits="0" branch="true" condition-coverage="0% (0/2)">
									<conditions>
										<condition number="0" type="jump" coverage="0%"/>
									</conditions>
								</line>
								<line number="1256" hits="0" branch="true" condition-coverage="0% (0/2)">
									<conditions>
										<condition number="0" type="jump" coverage="0%"/>
									</conditions>
								</line>
								<line number="1257" hits="0" branch="false"/>
								<line number="1260" hits="0" branch="false"/>
								<line number="1261" hits="0" branch="true" condition-coverage="0% (0/2)">
									<conditions>
										<condition number="0" type="jump" coverage="0%"/>
									</conditions>
								</line>
								<line number="1262" hits="0" branch="false"/>
								<line number="1264" hits="0" branch="false"/>
							</lines>
						</method>
						<method name="ensureLoggedIn" signature="()V" line-rate="0.0" branch-rate="0.0" complexity="0">
							<lines>
								<line number="208" hits="0" branch="true" condition-coverage="0% (0/2)">
									<conditions>
										<condition number="0" type="jump" coverage="0%"/>
									</conditions>
								</line>
								<line number="209" hits="0" branch="false"/>
								<line number="211" hits="0" branch="false"/>
							</lines>
						</method>
						<method name="expExists" signature="(Ljava/lang/String;Ljava/lang/String;Ljava/lang/String;)Z" line-rate="0.0" branch-rate="0.0" complexity="0">
							<lines>
								<line number="1191" hits="0" branch="false"/>
								<line number="1192" hits="0" branch="false"/>
								<line number="1194" hits="0" branch="true" condition-coverage="0% (0/2)">
									<conditions>
										<condition number="0" type="jump" coverage="0%"/>
									</conditions>
								</line>
								<line number="1195" hits="0" branch="false"/>
							</lines>
						</method>
						<method name="fetchAncestorsOfType" signature="(Ljava/util/ArrayList;Ljava/lang/String;)Ljava/util/Set;" line-rate="0.0" branch-rate="0.0" complexity="0">
							<lines>
								<line number="1105" hits="0" branch="false"/>
								<line number="1106" hits="0" branch="true" condition-coverage="0% (0/2)">
									<conditions>
										<condition number="0" type="jump" coverage="0%"/>
									</conditions>
								</line>
								<line number="1107" hits="0" branch="false"/>
								<line number="1108" hits="0" branch="true" condition-coverage="0% (0/2)">
									<conditions>
										<condition number="0" type="jump" coverage="0%"/>
									</conditions>
								</line>
								<line number="1109" hits="0" branch="true" condition-coverage="0% (0/2)">
									<conditions>
										<condition number="0" type="jump" coverage="0%"/>
									</conditions>
								</line>
								<line number="1110" hits="0" branch="false"/>
								<line number="1112" hits="0" branch="false"/>
								<line number="1113" hits="0" branch="false"/>
								<line number="1114" hits="0" branch="false"/>
								<line number="1115" hits="0" branch="false"/>
								<line number="1116" hits="0" branch="false"/>
							</lines>
						</method>
						<method name="fetchSource" signature="(Ljava/util/List;Ljava/util/Map;)Ljava/lang/String;" line-rate="0.0" branch-rate="0.0" complexity="0">
							<lines>
								<line number="1127" hits="0" branch="false"/>
								<line number="1128" hits="0" branch="false"/>
								<line number="1129" hits="0" branch="false"/>
								<line number="1130" hits="0" branch="true" condition-coverage="0% (0/2)">
									<conditions>
										<condition number="0" type="jump" coverage="0%"/>
									</conditions>
								</line>
								<line number="1131" hits="0" branch="false"/>
								<line number="1132" hits="0" branch="true" condition-coverage="0% (0/2)">
									<conditions>
										<condition number="0" type="jump" coverage="0%"/>
									</conditions>
								</line>
								<line number="1133" hits="0" branch="true" condition-coverage="0% (0/2)">
									<conditions>
										<condition number="0" type="jump" coverage="0%"/>
									</conditions>
								</line>
								<line number="1134" hits="0" branch="false"/>
								<line number="1135" hits="0" branch="true" condition-coverage="0% (0/2)">
									<conditions>
										<condition number="0" type="jump" coverage="0%"/>
									</conditions>
								</line>
								<line number="1136" hits="0" branch="false"/>
								<line number="1138" hits="0" branch="false"/>
								<line number="1139" hits="0" branch="false"/>
								<line number="1140" hits="0" branch="false"/>
								<line number="1141" hits="0" branch="false"/>
								<line number="1142" hits="0" branch="true" condition-coverage="0% (0/2)">
									<conditions>
										<condition number="0" type="jump" coverage="0%"/>
									</conditions>
								</line>
								<line number="1143" hits="0" branch="false"/>
								<line number="1145" hits="0" branch="false"/>
								<line number="1146" hits="0" branch="false"/>
								<line number="1147" hits="0" branch="false"/>
								<line number="1148" hits="0" branch="false"/>
								<line number="1149" hits="0" branch="true" condition-coverage="0% (0/2)">
									<conditions>
										<condition number="0" type="jump" coverage="0%"/>
									</conditions>
								</line>
								<line number="1150" hits="0" branch="false"/>
								<line number="1151" hits="0" branch="true" condition-coverage="0% (0/2)">
									<conditions>
										<condition number="0" type="jump" coverage="0%"/>
									</conditions>
								</line>
								<line number="1152" hits="0" branch="true" condition-coverage="0% (0/2)">
									<conditions>
										<condition number="0" type="jump" coverage="0%"/>
									</conditions>
								</line>
								<line number="1153" hits="0" branch="false"/>
								<line number="1154" hits="0" branch="false"/>
								<line number="1155" hits="0" branch="true" condition-coverage="0% (0/2)">
									<conditions>
										<condition number="0" type="jump" coverage="0%"/>
									</conditions>
								</line>
								<line number="1156" hits="0" branch="false"/>
								<line number="1157" hits="0" branch="true" condition-coverage="0% (0/2)">
									<conditions>
										<condition number="0" type="jump" coverage="0%"/>
									</conditions>
								</line>
								<line number="1158" hits="0" branch="false"/>
								<line number="1159" hits="0" branch="false"/>
								<line number="1160" hits="0" branch="false"/>
								<line number="1161" hits="0" branch="false"/>
								<line number="1162" hits="0" branch="false"/>
								<line number="1163" hits="0" branch="false"/>
								<line number="1164" hits="0" branch="false"/>
								<line number="1165" hits="0" branch="false"/>
							</lines>
						</method>
						<method name="generateBarcode" signature="(Ljava/lang/String;I)Ljava/lang/String;" line-rate="0.0" branch-rate="1.0" complexity="0">
							<lines>
								<line number="912" hits="0" branch="false"/>
								<line number="913" hits="0" branch="false"/>
								<line number="914" hits="0" branch="false"/>
								<line number="915" hits="0" branch="false"/>
								<line number="917" hits="0" branch="false"/>
							</lines>
						</method>
						<method name="getCVLabelForProperty" signature="(Lch/ethz/sis/openbis/generic/asapi/v3/dto/property/PropertyType;Ljava/lang/String;)Ljava/lang/String;" line-rate="0.0" branch-rate="1.0" complexity="0">
							<lines>
								<line number="837" hits="0" branch="false"/>
							</lines>
						</method>
						<method name="getChildrenSamples" signature="(Lch/ethz/sis/openbis/generic/asapi/v3/dto/sample/Sample;)Ljava/util/List;" line-rate="0.0" branch-rate="1.0" complexity="0">
							<lines>
								<line number="1172" hits="0" branch="false"/>
							</lines>
						</method>
						<method name="getDataSetsByType" signature="(Ljava/lang/String;)Ljava/util/List;" line-rate="0.0" branch-rate="1.0" complexity="0">
							<lines>
								<line number="779" hits="0" branch="false"/>
								<line number="780" hits="0" branch="false"/>
								<line number="781" hits="0" branch="false"/>
								<line number="783" hits="0" branch="false"/>
								<line number="785" hits="0" branch="false"/>
							</lines>
						</method>
						<method name="getDataSetsOfExperiment" signature="(Ljava/lang/String;)Ljava/util/List;" line-rate="0.0" branch-rate="1.0" complexity="0">
							<lines>
								<line number="718" hits="0" branch="false"/>
								<line number="719" hits="0" branch="false"/>
								<line number="720" hits="0" branch="false"/>
								<line number="722" hits="0" branch="false"/>
							</lines>
						</method>
						<method name="getDataSetsOfExperimentByIdentifier" signature="(Ljava/lang/String;)Ljava/util/List;" line-rate="0.0" branch-rate="1.0" complexity="0">
							<lines>
								<line number="733" hits="0" branch="false"/>
								<line number="734" hits="0" branch="false"/>
								<line number="735" hits="0" branch="false"/>
								<line number="736" hits="0" branch="false"/>
							</lines>
						</method>
						<method name="getDataSetsOfProjectByIdentifier" signature="(Ljava/lang/String;)Ljava/util/List;" line-rate="0.0" branch-rate="1.0" complexity="0">
							<lines>
								<line number="762" hits="0" branch="false"/>
							</lines>
						</method>
						<method name="getDataSetsOfProjects" signature="(Ljava/util/List;)Ljava/util/List;" line-rate="0.0" branch-rate="1.0" complexity="0">
							<lines>
								<line number="774" hits="0" branch="false"/>
							</lines>
						</method>
						<method name="getDataSetsOfSample" signature="(Ljava/lang/String;)Ljava/util/List;" line-rate="0.0" branch-rate="1.0" complexity="0">
							<lines>
								<line number="702" hits="0" branch="false"/>
								<line number="703" hits="0" branch="false"/>
								<line number="704" hits="0" branch="false"/>
								<line number="706" hits="0" branch="false"/>
							</lines>
						</method>
						<method name="getDataSetsOfSampleByIdentifier" signature="(Ljava/lang/String;)Ljava/util/List;" line-rate="0.0" branch-rate="1.0" complexity="0">
							<lines>
								<line number="685" hits="0" branch="false"/>
								<line number="686" hits="0" branch="false"/>
								<line number="687" hits="0" branch="false"/>
								<line number="688" hits="0" branch="false"/>
								<line number="690" hits="0" branch="false"/>
							</lines>
						</method>
						<method name="getDataSetsOfSpaceByIdentifier" signature="(Ljava/lang/String;)Ljava/util/List;" line-rate="0.0" branch-rate="1.0" complexity="0">
							<lines>
								<line number="747" hits="0" branch="false"/>
								<line number="748" hits="0" branch="false"/>
								<line number="749" hits="0" branch="false"/>
								<line number="750" hits="0" branch="false"/>
							</lines>
						</method>
						<method name="getDataStoreDownloadURL" signature="(Ljava/lang/String;Ljava/lang/String;)Ljava/net/URL;" line-rate="0.0" branch-rate="1.0" complexity="0">
							<lines>
								<line number="954" hits="0" branch="false"/>
								<line number="955" hits="0" branch="false"/>
								<line number="956" hits="0" branch="false"/>
								<line number="958" hits="0" branch="false"/>
								<line number="959" hits="0" branch="false"/>
								<line number="960" hits="0" branch="false"/>
								<line number="961" hits="0" branch="false"/>
								<line number="962" hits="0" branch="false"/>
								<line number="963" hits="0" branch="false"/>
							</lines>
						</method>
						<method name="getDataStoreDownloadURLLessGeneric" signature="(Ljava/lang/String;Ljava/lang/String;)Ljava/net/URL;" line-rate="0.0" branch-rate="1.0" complexity="0">
							<lines>
								<line number="969" hits="0" branch="false"/>
								<line number="970" hits="0" branch="false"/>
								<line number="971" hits="0" branch="false"/>
								<line number="973" hits="0" branch="false"/>
								<line number="974" hits="0" branch="false"/>
								<line number="975" hits="0" branch="false"/>
								<line number="976" hits="0" branch="false"/>
								<line number="977" hits="0" branch="false"/>
								<line number="978" hits="0" branch="false"/>
							</lines>
						</method>
						<method name="getDatasetStream" signature="(Ljava/lang/String;)Ljava/io/InputStream;" line-rate="0.0" branch-rate="1.0" complexity="0">
							<lines>
								<line number="1429" hits="0" branch="false"/>
							</lines>
						</method>
						<method name="getDatasetStream" signature="(Ljava/lang/String;Ljava/lang/String;)Ljava/io/InputStream;" line-rate="0.0" branch-rate="1.0" complexity="0">
							<lines>
								<line number="1441" hits="0" branch="false"/>
							</lines>
						</method>
						<method name="getExperimentByCode" signature="(Ljava/lang/String;)Lch/ethz/sis/openbis/generic/asapi/v3/dto/experiment/Experiment;" line-rate="0.0" branch-rate="0.0" complexity="0">
							<lines>
								<line number="631" hits="0" branch="false"/>
								<line number="632" hits="0" branch="false"/>
								<line number="633" hits="0" branch="false"/>
								<line number="635" hits="0" branch="false"/>
								<line number="636" hits="0" branch="false"/>
								<line number="638" hits="0" branch="true" condition-coverage="0% (0/2)">
									<conditions>
										<condition number="0" type="jump" coverage="0%"/>
									</conditions>
								</line>
								<line number="639" hits="0" branch="false"/>
								<line number="641" hits="0" branch="false"/>
							</lines>
						</method>
						<method name="getExperimentById" signature="(Ljava/lang/String;)Lch/ethz/sis/openbis/generic/asapi/v3/dto/experiment/Experiment;" line-rate="0.0" branch-rate="0.0" complexity="0">
							<lines>
								<line number="647" hits="0" branch="false"/>
								<line number="648" hits="0" branch="false"/>
								<line number="649" hits="0" branch="false"/>
								<line number="650" hits="0" branch="false"/>
								<line number="652" hits="0" branch="false"/>
								<line number="653" hits="0" branch="false"/>
								<line number="655" hits="0" branch="true" condition-coverage="0% (0/2)">
									<conditions>
										<condition number="0" type="jump" coverage="0%"/>
									</conditions>
								</line>
								<line number="656" hits="0" branch="false"/>
								<line number="658" hits="0" branch="false"/>
							</lines>
						</method>
						<method name="getExperimentTypeByString" signature="(Ljava/lang/String;)Lch/ethz/sis/openbis/generic/asapi/v3/dto/experiment/ExperimentType;" line-rate="0.0" branch-rate="0.0" complexity="0">
							<lines>
								<line number="885" hits="0" branch="false"/>
								<line number="886" hits="0" branch="false"/>
								<line number="888" hits="0" branch="false"/>
								<line number="889" hits="0" branch="false"/>
								<line number="891" hits="0" branch="true" condition-coverage="0% (0/2)">
									<conditions>
										<condition number="0" type="jump" coverage="0%"/>
									</conditions>
								</line>
								<line number="892" hits="0" branch="false"/>
								<line number="894" hits="0" branch="false"/>
							</lines>
						</method>
						<method name="getExperimentsForProject" signature="(Lch/ethz/sis/openbis/generic/asapi/v3/dto/project/Project;)Ljava/util/List;" line-rate="0.0" branch-rate="1.0" complexity="0">
							<lines>
								<line number="445" hits="0" branch="false"/>
								<line number="446" hits="0" branch="false"/>
								<line number="447" hits="0" branch="false"/>
								<line number="449" hits="0" branch="false"/>
								<line number="450" hits="0" branch="false"/>
								<line number="452" hits="0" branch="false"/>
							</lines>
						</method>
						<method name="getExperimentsForProject" signature="(Ljava/lang/String;)Ljava/util/List;" line-rate="0.0" branch-rate="1.0" complexity="0">
							<lines>
								<line number="466" hits="0" branch="false"/>
								<line number="467" hits="0" branch="false"/>
							</lines>
						</method>
						<method name="getExperimentsForUser" signature="(Ljava/lang/String;)Ljava/util/List;" line-rate="0.0" branch-rate="0.0" complexity="0">
							<lines>
								<line number="1336" hits="0" branch="false"/>
								<line number="1338" hits="0" branch="false"/>
								<line number="1340" hits="0" branch="false"/>
								<line number="1341" hits="0" branch="false"/>
								<line number="1342" hits="0" branch="false"/>
								<line number="1343" hits="0" branch="false"/>
								<line number="1345" hits="0" branch="false"/>
								<line number="1346" hits="0" branch="false"/>
								<line number="1347" hits="0" branch="false"/>
								<line number="1348" hits="0" branch="false"/>
								<line number="1349" hits="0" branch="true" condition-coverage="0% (0/4)">
									<conditions>
										<condition number="0" type="jump" coverage="0%"/>
										<condition number="1" type="jump" coverage="0%"/>
									</conditions>
								</line>
								<line number="1350" hits="0" branch="false"/>
								<line number="1352" hits="0" branch="false"/>
							</lines>
						</method>
						<method name="getExperimentsOfProjectByCode" signature="(Ljava/lang/String;)Ljava/util/List;" line-rate="0.0" branch-rate="1.0" complexity="0">
							<lines>
								<line number="473" hits="0" branch="false"/>
								<line number="474" hits="0" branch="false"/>
								<line number="475" hits="0" branch="false"/>
								<line number="477" hits="0" branch="false"/>
								<line number="478" hits="0" branch="false"/>
								<line number="480" hits="0" branch="false"/>
							</lines>
						</method>
						<method name="getExperimentsOfProjectByIdentifier" signature="(Ljava/lang/String;)Ljava/util/List;" line-rate="0.0" branch-rate="1.0" complexity="0">
							<lines>
								<line number="424" hits="0" branch="false"/>
								<line number="425" hits="0" branch="false"/>
								<line number="426" hits="0" branch="false"/>
								<line number="427" hits="0" branch="false"/>
								<line number="428" hits="0" branch="false"/>
								<line number="430" hits="0" branch="false"/>
								<line number="431" hits="0" branch="false"/>
								<line number="433" hits="0" branch="false"/>
							</lines>
						</method>
						<method name="getExperimentsOfSpace" signature="(Ljava/lang/String;)Ljava/util/List;" line-rate="0.0" branch-rate="1.0" complexity="0">
							<lines>
								<line number="497" hits="0" branch="false"/>
								<line number="498" hits="0" branch="false"/>
								<line number="499" hits="0" branch="false"/>
								<line number="501" hits="0" branch="false"/>
								<line number="502" hits="0" branch="false"/>
								<line number="504" hits="0" branch="false"/>
							</lines>
						</method>
						<method name="getExperimentsOfType" signature="(Ljava/lang/String;)Ljava/util/List;" line-rate="0.0" branch-rate="1.0" complexity="0">
							<lines>
								<line number="509" hits="0" branch="false"/>
								<line number="510" hits="0" branch="false"/>
								<line number="511" hits="0" branch="false"/>
								<line number="513" hits="0" branch="false"/>
								<line number="514" hits="0" branch="false"/>
								<line number="516" hits="0" branch="false"/>
							</lines>
						</method>
						<method name="getParentMap" signature="(Ljava/util/List;)Ljava/util/Map;" line-rate="0.0" branch-rate="0.0" complexity="0">
							<lines>
								<line number="984" hits="0" branch="false"/>
								<line number="985" hits="0" branch="true" condition-coverage="0% (0/2)">
									<conditions>
										<condition number="0" type="jump" coverage="0%"/>
									</conditions>
								</line>
								<line number="986" hits="0" branch="false"/>
								<line number="988" hits="0" branch="false"/>
								<line number="989" hits="0" branch="false"/>
								<line number="990" hits="0" branch="false"/>
								<line number="991" hits="0" branch="false"/>
								<line number="992" hits="0" branch="true" condition-coverage="0% (0/2)">
									<conditions>
										<condition number="0" type="jump" coverage="0%"/>
									</conditions>
								</line>
								<line number="993" hits="0" branch="false"/>
								<line number="994" hits="0" branch="false"/>
								<line number="995" hits="0" branch="false"/>
								<line number="996" hits="0" branch="false"/>
								<line number="997" hits="0" branch="false"/>
								<line number="999" hits="0" branch="false"/>
							</lines>
						</method>
						<method name="getProjectByCode" signature="(Ljava/lang/String;)Lch/ethz/sis/openbis/generic/asapi/v3/dto/project/Project;" line-rate="0.0" branch-rate="0.0" complexity="0">
							<lines>
								<line number="614" hits="0" branch="false"/>
								<line number="615" hits="0" branch="false"/>
								<line number="616" hits="0" branch="false"/>
								<line number="617" hits="0" branch="false"/>
								<line number="618" hits="0" branch="false"/>
								<line number="620" hits="0" branch="false"/>
								<line number="622" hits="0" branch="true" condition-coverage="0% (0/2)">
									<conditions>
										<condition number="0" type="jump" coverage="0%"/>
									</conditions>
								</line>
								<line number="623" hits="0" branch="false"/>
								<line number="625" hits="0" branch="false"/>
							</lines>
						</method>
						<method name="getProjectByIdentifier" signature="(Ljava/lang/String;)Lch/ethz/sis/openbis/generic/asapi/v3/dto/project/Project;" line-rate="0.0" branch-rate="0.0" complexity="0">
							<lines>
								<line number="597" hits="0" branch="false"/>
								<line number="598" hits="0" branch="false"/>
								<line number="599" hits="0" branch="false"/>
								<line number="600" hits="0" branch="false"/>
								<line number="601" hits="0" branch="false"/>
								<line number="603" hits="0" branch="false"/>
								<line number="605" hits="0" branch="true" condition-coverage="0% (0/2)">
									<conditions>
										<condition number="0" type="jump" coverage="0%"/>
									</conditions>
								</line>
								<line number="606" hits="0" branch="false"/>
								<line number="608" hits="0" branch="false"/>
							</lines>
						</method>
						<method name="getProjectExperimentMapping" signature="(Ljava/lang/String;)Ljava/util/Map;" line-rate="0.0" branch-rate="0.0" complexity="0">
							<lines>
								<line number="485" hits="0" branch="false"/>
								<line number="486" hits="0" branch="false"/>
								<line number="487" hits="0" branch="true" condition-coverage="0% (0/2)">
									<conditions>
										<condition number="0" type="jump" coverage="0%"/>
									</conditions>
								</line>
								<line number="488" hits="0" branch="false"/>
								<line number="489" hits="0" branch="false"/>
								<line number="490" hits="0" branch="false"/>
								<line number="492" hits="0" branch="false"/>
							</lines>
						</method>
						<method name="getProjectOfExperimentByIdentifier" signature="(Ljava/lang/String;)Lch/ethz/sis/openbis/generic/asapi/v3/dto/project/Project;" line-rate="0.0" branch-rate="0.0" complexity="0">
							<lines>
								<line number="663" hits="0" branch="false"/>
								<line number="664" hits="0" branch="false"/>
								<line number="665" hits="0" branch="false"/>
								<line number="666" hits="0" branch="false"/>
								<line number="667" hits="0" branch="false"/>
								<line number="669" hits="0" branch="true" condition-coverage="0% (0/2)">
									<conditions>
										<condition number="0" type="jump" coverage="0%"/>
									</conditions>
								</line>
								<line number="670" hits="0" branch="false"/>
								<line number="672" hits="0" branch="false"/>
							</lines>
						</method>
						<method name="getProjectTSV" signature="(Ljava/lang/String;Ljava/lang/String;)Ljava/util/List;" line-rate="0.0" branch-rate="0.0" complexity="0">
							<lines>
								<line number="1018" hits="0" branch="false"/>
								<line number="1020" hits="0" branch="false"/>
								<line number="1022" hits="0" branch="false"/>
								<line number="1023" hits="0" branch="true" condition-coverage="0% (0/2)">
									<conditions>
										<condition number="0" type="jump" coverage="0%"/>
									</conditions>
								</line>
								<line number="1024" hits="0" branch="true" condition-coverage="0% (0/2)">
									<conditions>
										<condition number="0" type="jump" coverage="0%"/>
									</conditions>
								</line>
								<line number="1025" hits="0" branch="false"/>
								<line number="1026" hits="0" branch="false"/>
								<line number="1027" hits="0" branch="false"/>
								<line number="1028" hits="0" branch="false"/>
								<line number="1029" hits="0" branch="true" condition-coverage="0% (0/2)">
									<conditions>
										<condition number="0" type="jump" coverage="0%"/>
									</conditions>
								</line>
								<line number="1030" hits="0" branch="false"/>
								<line number="1031" hits="0" branch="false"/>
								<line number="1032" hits="0" branch="false"/>
								<line number="1033" hits="0" branch="true" condition-coverage="0% (0/2)">
									<conditions>
										<condition number="0" type="jump" coverage="0%"/>
									</conditions>
								</line>
								<line number="1034" hits="0" branch="false"/>
								<line number="1035" hits="0" branch="true" condition-coverage="0% (0/2)">
									<conditions>
										<condition number="0" type="jump" coverage="0%"/>
									</conditions>
								</line>
								<line number="1036" hits="0" branch="false"/>
								<line number="1037" hits="0" branch="false"/>
								<line number="1038" hits="0" branch="true" condition-coverage="0% (0/2)">
									<conditions>
										<condition number="0" type="jump" coverage="0%"/>
									</conditions>
								</line>
								<line number="1039" hits="0" branch="false"/>
								<line number="1040" hits="0" branch="false"/>
								<line number="1041" hits="0" branch="false"/>
								<line number="1042" hits="0" branch="false"/>
								<line number="1043" hits="0" branch="false"/>
								<line number="1044" hits="0" branch="false"/>
								<line number="1045" hits="0" branch="false"/>
								<line number="1046" hits="0" branch="false"/>
								<line number="1047" hits="0" branch="true" condition-coverage="0% (0/2)">
									<conditions>
										<condition number="0" type="jump" coverage="0%"/>
									</conditions>
								</line>
								<line number="1048" hits="0" branch="false"/>
								<line number="1050" hits="0" branch="true" condition-coverage="0% (0/2)">
									<conditions>
										<condition number="0" type="jump" coverage="0%"/>
									</conditions>
								</line>
								<line number="1051" hits="0" branch="false"/>
								<line number="1053" hits="0" branch="false"/>
								<line number="1054" hits="0" branch="false"/>
								<line number="1055" hits="0" branch="true" condition-coverage="0% (0/2)">
									<conditions>
										<condition number="0" type="jump" coverage="0%"/>
									</conditions>
								</line>
								<line number="1056" hits="0" branch="false"/>
								<line number="1057" hits="0" branch="false"/>
								<line number="1058" hits="0" branch="false"/>
								<line number="1059" hits="0" branch="true" condition-coverage="0% (0/2)">
									<conditions>
										<condition number="0" type="jump" coverage="0%"/>
									</conditions>
								</line>
								<line number="1060" hits="0" branch="false"/>
								<line number="1062" hits="0" branch="false"/>
								<line number="1063" hits="0" branch="false"/>
								<line number="1065" hits="0" branch="true" condition-coverage="0% (0/2)">
									<conditions>
										<condition number="0" type="jump" coverage="0%"/>
									</conditions>
								</line>
								<line number="1066" hits="0" branch="false"/>
								<line number="1068" hits="0" branch="false"/>
								<line number="1069" hits="0" branch="true" condition-coverage="0% (0/2)">
									<conditions>
										<condition number="0" type="jump" coverage="0%"/>
									</conditions>
								</line>
								<line number="1070" hits="0" branch="false"/>
								<line number="1071" hits="0" branch="false"/>
								<line number="1072" hits="0" branch="false"/>
								<line number="1073" hits="0" branch="false"/>
								<line number="1074" hits="0" branch="false"/>
								<line number="1076" hits="0" branch="false"/>
								<line number="1077" hits="0" branch="false"/>
								<line number="1078" hits="0" branch="false"/>
							</lines>
						</method>
						<method name="getProjectsOfSpace" signature="(Ljava/lang/String;)Ljava/util/List;" line-rate="0.0" branch-rate="1.0" complexity="0">
							<lines>
								<line number="532" hits="0" branch="false"/>
								<line number="533" hits="0" branch="false"/>
								<line number="534" hits="0" branch="false"/>
								<line number="536" hits="0" branch="false"/>
								<line number="538" hits="0" branch="false"/>
							</lines>
						</method>
						<method name="getPropertiesOfDataSetType" signature="(Lch/ethz/sis/openbis/generic/asapi/v3/dto/dataset/DataSetType;)Ljava/util/List;" line-rate="0.0" branch-rate="0.0" complexity="0">
							<lines>
								<line number="365" hits="0" branch="false"/>
								<line number="366" hits="0" branch="false"/>
								<line number="367" hits="0" branch="false"/>
								<line number="368" hits="0" branch="false"/>
								<line number="369" hits="0" branch="false"/>
								<line number="370" hits="0" branch="false"/>
								<line number="371" hits="0" branch="false"/>
								<line number="373" hits="0" branch="false"/>
								<line number="374" hits="0" branch="false"/>
								<line number="376" hits="0" branch="true" condition-coverage="0% (0/2)">
									<conditions>
										<condition number="0" type="jump" coverage="0%"/>
									</conditions>
								</line>
								<line number="377" hits="0" branch="false"/>
								<line number="379" hits="0" branch="true" condition-coverage="0% (0/2)">
									<conditions>
										<condition number="0" type="jump" coverage="0%"/>
									</conditions>
								</line>
								<line number="380" hits="0" branch="false"/>
								<line number="383" hits="0" branch="false"/>
								<line number="385" hits="0" branch="false"/>
							</lines>
						</method>
						<method name="getPropertiesOfExperimentType" signature="(Lch/ethz/sis/openbis/generic/asapi/v3/dto/experiment/ExperimentType;)Ljava/util/List;" line-rate="0.0" branch-rate="0.0" complexity="0">
							<lines>
								<line number="315" hits="0" branch="false"/>
								<line number="316" hits="0" branch="false"/>
								<line number="317" hits="0" branch="false"/>
								<line number="318" hits="0" branch="false"/>
								<line number="319" hits="0" branch="false"/>
								<line number="320" hits="0" branch="false"/>
								<line number="321" hits="0" branch="false"/>
								<line number="323" hits="0" branch="false"/>
								<line number="324" hits="0" branch="false"/>
								<line number="326" hits="0" branch="true" condition-coverage="0% (0/2)">
									<conditions>
										<condition number="0" type="jump" coverage="0%"/>
									</conditions>
								</line>
								<line number="327" hits="0" branch="false"/>
								<line number="329" hits="0" branch="true" condition-coverage="0% (0/2)">
									<conditions>
										<condition number="0" type="jump" coverage="0%"/>
									</conditions>
								</line>
								<line number="330" hits="0" branch="false"/>
								<line number="333" hits="0" branch="false"/>
								<line number="335" hits="0" branch="false"/>
							</lines>
						</method>
						<method name="getPropertiesOfSampleType" signature="(Lch/ethz/sis/openbis/generic/asapi/v3/dto/sample/SampleType;)Ljava/util/List;" line-rate="0.0" branch-rate="0.0" complexity="0">
							<lines>
								<line number="340" hits="0" branch="false"/>
								<line number="341" hits="0" branch="false"/>
								<line number="342" hits="0" branch="false"/>
								<line number="343" hits="0" branch="false"/>
								<line number="344" hits="0" branch="false"/>
								<line number="345" hits="0" branch="false"/>
								<line number="346" hits="0" branch="false"/>
								<line number="348" hits="0" branch="false"/>
								<line number="349" hits="0" branch="false"/>
								<line number="351" hits="0" branch="true" condition-coverage="0% (0/2)">
									<conditions>
										<condition number="0" type="jump" coverage="0%"/>
									</conditions>
								</line>
								<line number="352" hits="0" branch="false"/>
								<line number="354" hits="0" branch="true" condition-coverage="0% (0/2)">
									<conditions>
										<condition number="0" type="jump" coverage="0%"/>
									</conditions>
								</line>
								<line number="355" hits="0" branch="false"/>
								<line number="358" hits="0" branch="false"/>
								<line number="360" hits="0" branch="false"/>
							</lines>
						</method>
						<method name="getPropertyOfSamples" signature="(Ljava/util/Set;Ljava/lang/String;)Ljava/lang/String;" line-rate="0.0" branch-rate="0.0" complexity="0">
							<lines>
								<line number="1089" hits="0" branch="false"/>
								<line number="1090" hits="0" branch="true" condition-coverage="0% (0/2)">
									<conditions>
										<condition number="0" type="jump" coverage="0%"/>
									</conditions>
								</line>
								<line number="1091" hits="0" branch="false"/>
								<line number="1092" hits="0" branch="false"/>
								<line number="1093" hits="0" branch="false"/>
							</lines>
						</method>
						<method name="getSampleByIdentifier" signature="(Ljava/lang/String;)Lch/ethz/sis/openbis/generic/asapi/v3/dto/sample/Sample;" line-rate="0.0" branch-rate="0.0" complexity="0">
							<lines>
								<line number="299" hits="0" branch="false"/>
								<line number="300" hits="0" branch="false"/>
								<line number="301" hits="0" branch="false"/>
								<line number="303" hits="0" branch="false"/>
								<line number="304" hits="0" branch="false"/>
								<line number="306" hits="0" branch="true" condition-coverage="0% (0/2)">
									<conditions>
										<condition number="0" type="jump" coverage="0%"/>
									</conditions>
								</line>
								<line number="307" hits="0" branch="false"/>
								<line number="309" hits="0" branch="false"/>
							</lines>
						</method>
						<method name="getSamplePropertyOrEmptyString" signature="(Lch/ethz/sis/openbis/generic/asapi/v3/dto/sample/Sample;Ljava/lang/String;)Ljava/lang/String;" line-rate="0.0" branch-rate="0.0" complexity="0">
							<lines>
								<line number="1003" hits="0" branch="false"/>
								<line number="1004" hits="0" branch="true" condition-coverage="0% (0/2)">
									<conditions>
										<condition number="0" type="jump" coverage="0%"/>
									</conditions>
								</line>
								<line number="1005" hits="0" branch="false"/>
							</lines>
						</method>
						<method name="getSampleTypeByString" signature="(Ljava/lang/String;)Lch/ethz/sis/openbis/generic/asapi/v3/dto/sample/SampleType;" line-rate="0.0" branch-rate="0.0" complexity="0">
							<lines>
								<line number="842" hits="0" branch="false"/>
								<line number="843" hits="0" branch="false"/>
								<line number="845" hits="0" branch="false"/>
								<line number="846" hits="0" branch="false"/>
								<line number="848" hits="0" branch="true" condition-coverage="0% (0/2)">
									<conditions>
										<condition number="0" type="jump" coverage="0%"/>
									</conditions>
								</line>
								<line number="849" hits="0" branch="false"/>
								<line number="851" hits="0" branch="false"/>
							</lines>
						</method>
						<method name="getSampleTypes" signature="()Ljava/util/Map;" line-rate="0.0" branch-rate="0.0" complexity="0">
							<lines>
								<line number="863" hits="0" branch="false"/>
								<line number="864" hits="0" branch="false"/>
								<line number="866" hits="0" branch="false"/>
								<line number="867" hits="0" branch="true" condition-coverage="0% (0/2)">
									<conditions>
										<condition number="0" type="jump" coverage="0%"/>
									</conditions>
								</line>
								<line number="868" hits="0" branch="false"/>
								<line number="869" hits="0" branch="false"/>
								<line number="871" hits="0" branch="false"/>
							</lines>
						</method>
						<method name="getSamplesOfProject" signature="(Ljava/lang/String;)Ljava/util/List;" line-rate="0.0" branch-rate="1.0" complexity="0">
							<lines>
								<line number="390" hits="0" branch="false"/>
								<line number="391" hits="0" branch="false"/>
								<line number="392" hits="0" branch="false"/>
								<line number="393" hits="0" branch="false"/>
								<line number="394" hits="0" branch="false"/>
								<line number="395" hits="0" branch="false"/>
								<line number="397" hits="0" branch="false"/>
								<line number="398" hits="0" branch="false"/>
								<line number="400" hits="0" branch="false"/>
							</lines>
						</method>
						<method name="getSamplesOfType" signature="(Ljava/lang/String;)Ljava/util/List;" line-rate="0.0" branch-rate="1.0" complexity="0">
							<lines>
								<line number="521" hits="0" branch="false"/>
								<line number="522" hits="0" branch="false"/>
								<line number="523" hits="0" branch="false"/>
								<line number="525" hits="0" branch="false"/>
								<line number="526" hits="0" branch="false"/>
								<line number="527" hits="0" branch="false"/>
							</lines>
						</method>
						<method name="getSamplesWithParentsAndChildren" signature="(Ljava/lang/String;)Ljava/util/List;" line-rate="0.0" branch-rate="1.0" complexity="0">
							<lines>
								<line number="412" hits="0" branch="false"/>
								<line number="413" hits="0" branch="false"/>
								<line number="414" hits="0" branch="false"/>
								<line number="416" hits="0" branch="false"/>
								<line number="417" hits="0" branch="false"/>
								<line number="419" hits="0" branch="false"/>
							</lines>
						</method>
						<method name="getSamplesofExperiment" signature="(Ljava/lang/String;)Ljava/util/List;" line-rate="0.0" branch-rate="1.0" complexity="0">
							<lines>
								<line number="268" hits="0" branch="false"/>
								<line number="270" hits="0" branch="false"/>
								<line number="271" hits="0" branch="false"/>
								<line number="273" hits="0" branch="false"/>
								<line number="274" hits="0" branch="false"/>
								<line number="275" hits="0" branch="false"/>
							</lines>
						</method>
						<method name="getSamplesofSpace" signature="(Ljava/lang/String;)Ljava/util/List;" line-rate="0.0" branch-rate="1.0" complexity="0">
							<lines>
								<line number="287" hits="0" branch="false"/>
								<line number="288" hits="0" branch="false"/>
								<line number="289" hits="0" branch="false"/>
								<line number="291" hits="0" branch="false"/>
								<line number="292" hits="0" branch="false"/>
								<line number="293" hits="0" branch="false"/>
							</lines>
						</method>
						<method name="getSessionToken" signature="()Ljava/lang/String;" line-rate="0.0" branch-rate="1.0" complexity="0">
							<lines>
								<line number="200" hits="0" branch="false"/>
							</lines>
						</method>
						<method name="getSpaceMembers" signature="(Ljava/lang/String;)Ljava/util/Set;" line-rate="0.0" branch-rate="1.0" complexity="0">
							<lines>
								<line number="811" hits="0" branch="false"/>
							</lines>
						</method>
						<method name="getUrlForDataset" signature="(Ljava/lang/String;Ljava/lang/String;)Ljava/net/URL;" line-rate="0.0" branch-rate="1.0" complexity="0">
							<lines>
								<line number="1418" hits="0" branch="false"/>
							</lines>
						</method>
						<method name="getUserSpaces" signature="(Ljava/lang/String;)Ljava/util/List;" line-rate="0.0" branch-rate="0.0" complexity="0">
							<lines>
								<line number="550" hits="0" branch="false"/>
								<line number="551" hits="0" branch="false"/>
								<line number="554" hits="0" branch="false"/>
								<line number="555" hits="0" branch="false"/>
								<line number="556" hits="0" branch="true" condition-coverage="0% (0/2)">
									<conditions>
										<condition number="0" type="jump" coverage="0%"/>
									</conditions>
								</line>
								<line number="557" hits="0" branch="true" condition-coverage="0% (0/2)">
									<conditions>
										<condition number="0" type="jump" coverage="0%"/>
									</conditions>
								</line>
								<line number="558" hits="0" branch="false"/>
								<line number="559" hits="0" branch="false"/>
								<line number="561" hits="0" branch="false"/>
								<line number="562" hits="0" branch="false"/>
								<line number="564" hits="0" branch="false"/>
								<line number="565" hits="0" branch="false"/>
								<line number="566" hits="0" branch="false"/>
								<line number="567" hits="0" branch="false"/>
								<line number="569" hits="0" branch="false"/>
							</lines>
						</method>
						<method name="getV3" signature="()Lch/ethz/sis/openbis/generic/asapi/v3/IApplicationServerApi;" line-rate="0.0" branch-rate="1.0" complexity="0">
							<lines>
								<line number="141" hits="0" branch="false"/>
							</lines>
						</method>
						<method name="getVocabCodesAndLabelsForVocab" signature="(Ljava/lang/String;)Ljava/util/Map;" line-rate="0.0" branch-rate="0.0" complexity="0">
							<lines>
								<line number="1276" hits="0" branch="false"/>
								<line number="1277" hits="0" branch="false"/>
								<line number="1279" hits="0" branch="false"/>
								<line number="1280" hits="0" branch="false"/>
								<line number="1281" hits="0" branch="false"/>
								<line number="1283" hits="0" branch="false"/>
								<line number="1284" hits="0" branch="true" condition-coverage="0% (0/2)">
									<conditions>
										<condition number="0" type="jump" coverage="0%"/>
									</conditions>
								</line>
								<line number="1285" hits="0" branch="true" condition-coverage="0% (0/4)">
									<conditions>
										<condition number="0" type="jump" coverage="0%"/>
										<condition number="1" type="jump" coverage="0%"/>
									</conditions>
								</line>
								<line number="1286" hits="0" branch="false"/>
								<line number="1288" hits="0" branch="false"/>
								<line number="1290" hits="0" branch="false"/>
								<line number="1291" hits="0" branch="false"/>
							</lines>
						</method>
						<method name="getVocabCodesForVocab" signature="(Ljava/lang/String;)Ljava/util/List;" line-rate="0.0" branch-rate="1.0" complexity="0">
							<lines>
								<line number="1325" hits="0" branch="false"/>
							</lines>
						</method>
						<method name="getVocabulary" signature="(Ljava/lang/String;)Lch/ethz/sis/openbis/generic/asapi/v3/dto/vocabulary/Vocabulary;" line-rate="0.0" branch-rate="1.0" complexity="0">
							<lines>
								<line number="1313" hits="0" branch="false"/>
							</lines>
						</method>
						<method name="ingest" signature="(Ljava/lang/String;Ljava/lang/String;Ljava/util/Map;)V" line-rate="0.0" branch-rate="1.0" complexity="0">
							<lines>
								<line number="1358" hits="0" branch="false"/>
								<line number="1360" hits="0" branch="false"/>
								<line number="1361" hits="0" branch="false"/>
								<line number="1362" hits="0" branch="false"/>
								<line number="1364" hits="0" branch="false"/>
							</lines>
						</method>
						<method name="isUserAdmin" signature="(Ljava/lang/String;)Z" line-rate="0.0" branch-rate="0.0" complexity="0">
							<lines>
								<line number="579" hits="0" branch="false"/>
								<line number="580" hits="0" branch="false"/>
								<line number="581" hits="0" branch="false"/>
								<line number="582" hits="0" branch="false"/>
								<line number="583" hits="0" branch="false"/>
								<line number="584" hits="0" branch="false"/>
								<line number="585" hits="0" branch="true" condition-coverage="0% (0/2)">
									<conditions>
										<condition number="0" type="jump" coverage="0%"/>
									</conditions>
								</line>
								<line number="586" hits="0" branch="true" condition-coverage="0% (0/2)">
									<conditions>
										<condition number="0" type="jump" coverage="0%"/>
									</conditions>
								</line>
								<line number="587" hits="0" branch="true" condition-coverage="0% (0/2)">
									<conditions>
										<condition number="0" type="jump" coverage="0%"/>
									</conditions>
								</line>
								<line number="588" hits="0" branch="false"/>
								<line number="590" hits="0" branch="false"/>
								<line number="591" hits="0" branch="false"/>
								<line number="592" hits="0" branch="false"/>
							</lines>
						</method>
						<method name="listAttachmentsForProjectByIdentifier" signature="(Ljava/lang/String;)Ljava/util/List;" line-rate="0.0" branch-rate="1.0" complexity="0">
							<lines>
								<line number="797" hits="0" branch="false"/>
								<line number="799" hits="0" branch="false"/>
							</lines>
						</method>
						<method name="listAttachmentsForSampleByIdentifier" signature="(Ljava/lang/String;)Ljava/util/List;" line-rate="0.0" branch-rate="1.0" complexity="0">
							<lines>
								<line number="790" hits="0" branch="false"/>
								<line number="792" hits="0" branch="false"/>
							</lines>
						</method>
						<method name="listDataSetsForExperiments" signature="(Ljava/util/List;)Ljava/util/List;" line-rate="0.0" branch-rate="1.0" complexity="0">
							<lines>
								<line number="1390" hits="0" branch="false"/>
							</lines>
						</method>
						<method name="listDataSetsForSamples" signature="(Ljava/util/List;)Ljava/util/List;" line-rate="0.0" branch-rate="1.0" complexity="0">
							<lines>
								<line number="1406" hits="0" branch="false"/>
							</lines>
						</method>
						<method name="listExperiments" signature="()Ljava/util/List;" line-rate="0.0" branch-rate="1.0" complexity="0">
							<lines>
								<line number="251" hits="0" branch="false"/>
								<line number="252" hits="0" branch="false"/>
								<line number="253" hits="0" branch="false"/>
								<line number="254" hits="0" branch="false"/>
							</lines>
						</method>
						<method name="listExperimentsOfProjects" signature="(Ljava/util/List;)Ljava/util/List;" line-rate="0.0" branch-rate="0.0" complexity="0">
							<lines>
								<line number="1368" hits="0" branch="false"/>
								<line number="1369" hits="0" branch="true" condition-coverage="0% (0/2)">
									<conditions>
										<condition number="0" type="jump" coverage="0%"/>
									</conditions>
								</line>
								<line number="1370" hits="0" branch="false"/>
								<line number="1371" hits="0" branch="false"/>
								<line number="1372" hits="0" branch="false"/>
								<line number="1373" hits="0" branch="false"/>
								<line number="1375" hits="0" branch="true" condition-coverage="0% (0/2)">
									<conditions>
										<condition number="0" type="jump" coverage="0%"/>
									</conditions>
								</line>
								<line number="1376" hits="0" branch="false"/>
								<line number="1378" hits="0" branch="false"/>
							</lines>
						</method>
						<method name="listProjects" signature="()Ljava/util/List;" line-rate="0.0" branch-rate="1.0" complexity="0">
							<lines>
								<line number="238" hits="0" branch="false"/>
								<line number="239" hits="0" branch="false"/>
								<line number="240" hits="0" branch="false"/>
								<line number="241" hits="0" branch="false"/>
							</lines>
						</method>
						<method name="listSamplesForProjects" signature="(Ljava/util/List;)Ljava/util/List;" line-rate="0.0" branch-rate="1.0" complexity="0">
							<lines>
								<line number="1395" hits="0" branch="false"/>
							</lines>
						</method>
						<method name="listSpaces" signature="()Ljava/util/List;" line-rate="0.0" branch-rate="0.0" complexity="0">
							<lines>
								<line number="220" hits="0" branch="false"/>
								<line number="221" hits="0" branch="false"/>
								<line number="222" hits="0" branch="false"/>
								<line number="223" hits="0" branch="false"/>
								<line number="224" hits="0" branch="true" condition-coverage="0% (0/2)">
									<conditions>
										<condition number="0" type="jump" coverage="0%"/>
									</conditions>
								</line>
								<line number="225" hits="0" branch="false"/>
								<line number="226" hits="0" branch="false"/>
								<line number="228" hits="0" branch="false"/>
							</lines>
						</method>
						<method name="listVocabularyTermsForProperty" signature="(Lch/ethz/sis/openbis/generic/asapi/v3/dto/property/PropertyType;)Ljava/util/List;" line-rate="0.0" branch-rate="1.0" complexity="0">
							<lines>
								<line number="824" hits="0" branch="false"/>
							</lines>
						</method>
						<method name="loggedin" signature="()Z" line-rate="0.0" branch-rate="1.0" complexity="0">
							<lines>
								<line number="150" hits="0" branch="false"/>
								<line number="151" hits="0" branch="false"/>
								<line number="152" hits="0" branch="false"/>
							</lines>
						</method>
						<method name="login" signature="()V" line-rate="0.0" branch-rate="0.0" complexity="0">
							<lines>
								<line number="176" hits="0" branch="true" condition-coverage="0% (0/2)">
									<conditions>
										<condition number="0" type="jump" coverage="0%"/>
									</conditions>
								</line>
								<line number="177" hits="0" branch="false"/>
								<line number="180" hits="0" branch="false"/>
								<line number="181" hits="0" branch="false"/>
							</lines>
						</method>
						<method name="loginAsUser" signature="(Ljava/lang/String;)V" line-rate="0.0" branch-rate="0.0" complexity="0">
							<lines>
								<line number="184" hits="0" branch="true" condition-coverage="0% (0/2)">
									<conditions>
										<condition number="0" type="jump" coverage="0%"/>
									</conditions>
								</line>
								<line number="185" hits="0" branch="false"/>
								<line number="189" hits="0" branch="false"/>
								<line number="190" hits="0" branch="false"/>
							</lines>
						</method>
						<method name="logout" signature="()V" line-rate="0.0" branch-rate="0.0" complexity="0">
							<lines>
								<line number="161" hits="0" branch="true" condition-coverage="0% (0/2)">
									<conditions>
										<condition number="0" type="jump" coverage="0%"/>
									</conditions>
								</line>
								<line number="162" hits="0" branch="false"/>
								<line number="164" hits="0" branch="false"/>
								<line number="168" hits="0" branch="false"/>
							</lines>
						</method>
						<method name="mapToChar" signature="(I)C" line-rate="0.0" branch-rate="0.0" complexity="0">
							<lines>
								<line number="111" hits="0" branch="false"/>
								<line number="112" hits="0" branch="true" condition-coverage="0% (0/2)">
									<conditions>
										<condition number="0" type="jump" coverage="0%"/>
									</conditions>
								</line>
								<line number="113" hits="0" branch="false"/>
								<line number="115" hits="0" branch="false"/>
							</lines>
						</method>
						<method name="openBIScodeToString" signature="(Ljava/lang/String;)Ljava/lang/String;" line-rate="0.0" branch-rate="0.0" complexity="0">
							<lines>
								<line number="929" hits="0" branch="false"/>
								<line number="930" hits="0" branch="false"/>
								<line number="931" hits="0" branch="false"/>
								<line number="932" hits="0" branch="true" condition-coverage="0% (0/2)">
									<conditions>
										<condition number="0" type="jump" coverage="0%"/>
									</conditions>
								</line>
								<line number="933" hits="0" branch="false"/>
								<line number="935" hits="0" branch="false"/>
							</lines>
						</method>
						<method name="projectExists" signature="(Ljava/lang/String;Ljava/lang/String;)Z" line-rate="0.0" branch-rate="0.0" complexity="0">
							<lines>
								<line number="1183" hits="0" branch="false"/>
								<line number="1184" hits="0" branch="false"/>
								<line number="1185" hits="0" branch="true" condition-coverage="0% (0/2)">
									<conditions>
										<condition number="0" type="jump" coverage="0%"/>
									</conditions>
								</line>
								<line number="1186" hits="0" branch="false"/>
							</lines>
						</method>
						<method name="sampleExists" signature="(Ljava/lang/String;)Z" line-rate="0.0" branch-rate="0.0" complexity="0">
							<lines>
								<line number="1200" hits="0" branch="true" condition-coverage="0% (0/2)">
									<conditions>
										<condition number="0" type="jump" coverage="0%"/>
									</conditions>
								</line>
							</lines>
						</method>
						<method name="searchSampleByCode" signature="(Ljava/lang/String;)Ljava/util/List;" line-rate="0.0" branch-rate="1.0" complexity="0">
							<lines>
								<line number="1205" hits="0" branch="false"/>
								<line number="1206" hits="0" branch="false"/>
								<line number="1207" hits="0" branch="false"/>
								<line number="1208" hits="0" branch="false"/>
								<line number="1209" hits="0" branch="false"/>
								<line number="1210" hits="0" branch="false"/>
							</lines>
						</method>
						<method name="spaceExists" signature="(Ljava/lang/String;)Z" line-rate="0.0" branch-rate="1.0" complexity="0">
							<lines>
								<line number="1177" hits="0" branch="false"/>
							</lines>
						</method>
						<method name="triggerIngestionService" signature="(Ljava/lang/String;Ljava/util/Map;)Ljava/lang/String;" line-rate="0.0" branch-rate="1.0" complexity="0">
							<lines>
								<line number="907" hits="0" branch="false"/>
							</lines>
						</method>
					</methods>
					<lines>
						<line number="80" hits="0" branch="false"/>
						<line number="84" hits="0" branch="false"/>
						<line number="93" hits="0" branch="false"/>
						<line number="94" hits="0" branch="false"/>
						<line number="95" hits="0" branch="false"/>
						<line number="96" hits="0" branch="false"/>
						<line number="97" hits="0" branch="false"/>
						<line number="99" hits="0" branch="false"/>
						<line number="100" hits="0" branch="false"/>
						<line number="101" hits="0" branch="false"/>
						<line number="102" hits="0" branch="false"/>
						<line number="111" hits="0" branch="false"/>
						<line number="112" hits="0" branch="true" condition-coverage="0% (0/2)">
							<conditions>
								<condition number="0" type="jump" coverage="0%"/>
							</conditions>
						</line>
						<line number="113" hits="0" branch="false"/>
						<line number="115" hits="0" branch="false"/>
						<line number="125" hits="0" branch="false"/>
						<line number="126" hits="0" branch="false"/>
						<line number="127" hits="0" branch="true" condition-coverage="0% (0/2)">
							<conditions>
								<condition number="0" type="jump" coverage="0%"/>
							</conditions>
						</line>
						<line number="128" hits="0" branch="false"/>
						<line number="129" hits="0" branch="false"/>
						<line number="131" hits="0" branch="false"/>
						<line number="141" hits="0" branch="false"/>
						<line number="150" hits="0" branch="false"/>
						<line number="151" hits="0" branch="false"/>
						<line number="152" hits="0" branch="false"/>
						<line number="161" hits="0" branch="true" condition-coverage="0% (0/2)">
							<conditions>
								<condition number="0" type="jump" coverage="0%"/>
							</conditions>
						</line>
						<line number="162" hits="0" branch="false"/>
						<line number="164" hits="0" branch="false"/>
						<line number="168" hits="0" branch="false"/>
						<line number="176" hits="0" branch="true" condition-coverage="0% (0/2)">
							<conditions>
								<condition number="0" type="jump" coverage="0%"/>
							</conditions>
						</line>
						<line number="177" hits="0" branch="false"/>
						<line number="180" hits="0" branch="false"/>
						<line number="181" hits="0" branch="false"/>
						<line number="184" hits="0" branch="true" condition-coverage="0% (0/2)">
							<conditions>
								<condition number="0" type="jump" coverage="0%"/>
							</conditions>
						</line>
						<line number="185" hits="0" branch="false"/>
						<line number="189" hits="0" branch="false"/>
						<line number="190" hits="0" branch="false"/>
						<line number="200" hits="0" branch="false"/>
						<line number="208" hits="0" branch="true" condition-coverage="0% (0/2)">
							<conditions>
								<condition number="0" type="jump" coverage="0%"/>
							</conditions>
						</line>
						<line number="209" hits="0" branch="false"/>
						<line number="211" hits="0" branch="false"/>
						<line number="220" hits="0" branch="false"/>
						<line number="221" hits="0" branch="false"/>
						<line number="222" hits="0" branch="false"/>
						<line number="223" hits="0" branch="false"/>
						<line number="224" hits="0" branch="true" condition-coverage="0% (0/2)">
							<conditions>
								<condition number="0" type="jump" coverage="0%"/>
							</conditions>
						</line>
						<line number="225" hits="0" branch="false"/>
						<line number="226" hits="0" branch="false"/>
						<line number="228" hits="0" branch="false"/>
						<line number="238" hits="0" branch="false"/>
						<line number="239" hits="0" branch="false"/>
						<line number="240" hits="0" branch="false"/>
						<line number="241" hits="0" branch="false"/>
						<line number="251" hits="0" branch="false"/>
						<line number="252" hits="0" branch="false"/>
						<line number="253" hits="0" branch="false"/>
						<line number="254" hits="0" branch="false"/>
						<line number="268" hits="0" branch="false"/>
						<line number="270" hits="0" branch="false"/>
						<line number="271" hits="0" branch="false"/>
						<line number="273" hits="0" branch="false"/>
						<line number="274" hits="0" branch="false"/>
						<line number="275" hits="0" branch="false"/>
						<line number="287" hits="0" branch="false"/>
						<line number="288" hits="0" branch="false"/>
						<line number="289" hits="0" branch="false"/>
						<line number="291" hits="0" branch="false"/>
						<line number="292" hits="0" branch="false"/>
						<line number="293" hits="0" branch="false"/>
						<line number="299" hits="0" branch="false"/>
						<line number="300" hits="0" branch="false"/>
						<line number="301" hits="0" branch="false"/>
						<line number="303" hits="0" branch="false"/>
						<line number="304" hits="0" branch="false"/>
						<line number="306" hits="0" branch="true" condition-coverage="0% (0/2)">
							<conditions>
								<condition number="0" type="jump" coverage="0%"/>
							</conditions>
						</line>
						<line number="307" hits="0" branch="false"/>
						<line number="309" hits="0" branch="false"/>
						<line number="315" hits="0" branch="false"/>
						<line number="316" hits="0" branch="false"/>
						<line number="317" hits="0" branch="false"/>
						<line number="318" hits="0" branch="false"/>
						<line number="319" hits="0" branch="false"/>
						<line number="320" hits="0" branch="false"/>
						<line number="321" hits="0" branch="false"/>
						<line number="323" hits="0" branch="false"/>
						<line number="324" hits="0" branch="false"/>
						<line number="326" hits="0" branch="true" condition-coverage="0% (0/2)">
							<conditions>
								<condition number="0" type="jump" coverage="0%"/>
							</conditions>
						</line>
						<line number="327" hits="0" branch="false"/>
						<line number="329" hits="0" branch="true" condition-coverage="0% (0/2)">
							<conditions>
								<condition number="0" type="jump" coverage="0%"/>
							</conditions>
						</line>
						<line number="330" hits="0" branch="false"/>
						<line number="333" hits="0" branch="false"/>
						<line number="335" hits="0" branch="false"/>
						<line number="340" hits="0" branch="false"/>
						<line number="341" hits="0" branch="false"/>
						<line number="342" hits="0" branch="false"/>
						<line number="343" hits="0" branch="false"/>
						<line number="344" hits="0" branch="false"/>
						<line number="345" hits="0" branch="false"/>
						<line number="346" hits="0" branch="false"/>
						<line number="348" hits="0" branch="false"/>
						<line number="349" hits="0" branch="false"/>
						<line number="351" hits="0" branch="true" condition-coverage="0% (0/2)">
							<conditions>
								<condition number="0" type="jump" coverage="0%"/>
							</conditions>
						</line>
						<line number="352" hits="0" branch="false"/>
						<line number="354" hits="0" branch="true" condition-coverage="0% (0/2)">
							<conditions>
								<condition number="0" type="jump" coverage="0%"/>
							</conditions>
						</line>
						<line number="355" hits="0" branch="false"/>
						<line number="358" hits="0" branch="false"/>
						<line number="360" hits="0" branch="false"/>
						<line number="365" hits="0" branch="false"/>
						<line number="366" hits="0" branch="false"/>
						<line number="367" hits="0" branch="false"/>
						<line number="368" hits="0" branch="false"/>
						<line number="369" hits="0" branch="false"/>
						<line number="370" hits="0" branch="false"/>
						<line number="371" hits="0" branch="false"/>
						<line number="373" hits="0" branch="false"/>
						<line number="374" hits="0" branch="false"/>
						<line number="376" hits="0" branch="true" condition-coverage="0% (0/2)">
							<conditions>
								<condition number="0" type="jump" coverage="0%"/>
							</conditions>
						</line>
						<line number="377" hits="0" branch="false"/>
						<line number="379" hits="0" branch="true" condition-coverage="0% (0/2)">
							<conditions>
								<condition number="0" type="jump" coverage="0%"/>
							</conditions>
						</line>
						<line number="380" hits="0" branch="false"/>
						<line number="383" hits="0" branch="false"/>
						<line number="385" hits="0" branch="false"/>
						<line number="390" hits="0" branch="false"/>
						<line number="391" hits="0" branch="false"/>
						<line number="392" hits="0" branch="false"/>
						<line number="393" hits="0" branch="false"/>
						<line number="394" hits="0" branch="false"/>
						<line number="395" hits="0" branch="false"/>
						<line number="397" hits="0" branch="false"/>
						<line number="398" hits="0" branch="false"/>
						<line number="400" hits="0" branch="false"/>
						<line number="412" hits="0" branch="false"/>
						<line number="413" hits="0" branch="false"/>
						<line number="414" hits="0" branch="false"/>
						<line number="416" hits="0" branch="false"/>
						<line number="417" hits="0" branch="false"/>
						<line number="419" hits="0" branch="false"/>
						<line number="424" hits="0" branch="false"/>
						<line number="425" hits="0" branch="false"/>
						<line number="426" hits="0" branch="false"/>
						<line number="427" hits="0" branch="false"/>
						<line number="428" hits="0" branch="false"/>
						<line number="430" hits="0" branch="false"/>
						<line number="431" hits="0" branch="false"/>
						<line number="433" hits="0" branch="false"/>
						<line number="445" hits="0" branch="false"/>
						<line number="446" hits="0" branch="false"/>
						<line number="447" hits="0" branch="false"/>
						<line number="449" hits="0" branch="false"/>
						<line number="450" hits="0" branch="false"/>
						<line number="452" hits="0" branch="false"/>
						<line number="466" hits="0" branch="false"/>
						<line number="467" hits="0" branch="false"/>
						<line number="473" hits="0" branch="false"/>
						<line number="474" hits="0" branch="false"/>
						<line number="475" hits="0" branch="false"/>
						<line number="477" hits="0" branch="false"/>
						<line number="478" hits="0" branch="false"/>
						<line number="480" hits="0" branch="false"/>
						<line number="485" hits="0" branch="false"/>
						<line number="486" hits="0" branch="false"/>
						<line number="487" hits="0" branch="true" condition-coverage="0% (0/2)">
							<conditions>
								<condition number="0" type="jump" coverage="0%"/>
							</conditions>
						</line>
						<line number="488" hits="0" branch="false"/>
						<line number="489" hits="0" branch="false"/>
						<line number="490" hits="0" branch="false"/>
						<line number="492" hits="0" branch="false"/>
						<line number="497" hits="0" branch="false"/>
						<line number="498" hits="0" branch="false"/>
						<line number="499" hits="0" branch="false"/>
						<line number="501" hits="0" branch="false"/>
						<line number="502" hits="0" branch="false"/>
						<line number="504" hits="0" branch="false"/>
						<line number="509" hits="0" branch="false"/>
						<line number="510" hits="0" branch="false"/>
						<line number="511" hits="0" branch="false"/>
						<line number="513" hits="0" branch="false"/>
						<line number="514" hits="0" branch="false"/>
						<line number="516" hits="0" branch="false"/>
						<line number="521" hits="0" branch="false"/>
						<line number="522" hits="0" branch="false"/>
						<line number="523" hits="0" branch="false"/>
						<line number="525" hits="0" branch="false"/>
						<line number="526" hits="0" branch="false"/>
						<line number="527" hits="0" branch="false"/>
						<line number="532" hits="0" branch="false"/>
						<line number="533" hits="0" branch="false"/>
						<line number="534" hits="0" branch="false"/>
						<line number="536" hits="0" branch="false"/>
						<line number="538" hits="0" branch="false"/>
						<line number="550" hits="0" branch="false"/>
						<line number="551" hits="0" branch="false"/>
						<line number="554" hits="0" branch="false"/>
						<line number="555" hits="0" branch="false"/>
						<line number="556" hits="0" branch="true" condition-coverage="0% (0/2)">
							<conditions>
								<condition number="0" type="jump" coverage="0%"/>
							</conditions>
						</line>
						<line number="557" hits="0" branch="true" condition-coverage="0% (0/2)">
							<conditions>
								<condition number="0" type="jump" coverage="0%"/>
							</conditions>
						</line>
						<line number="558" hits="0" branch="false"/>
						<line number="559" hits="0" branch="false"/>
						<line number="561" hits="0" branch="false"/>
						<line number="562" hits="0" branch="false"/>
						<line number="564" hits="0" branch="false"/>
						<line number="565" hits="0" branch="false"/>
						<line number="566" hits="0" branch="false"/>
						<line number="567" hits="0" branch="false"/>
						<line number="569" hits="0" branch="false"/>
						<line number="579" hits="0" branch="false"/>
						<line number="580" hits="0" branch="false"/>
						<line number="581" hits="0" branch="false"/>
						<line number="582" hits="0" branch="false"/>
						<line number="583" hits="0" branch="false"/>
						<line number="584" hits="0" branch="false"/>
						<line number="585" hits="0" branch="true" condition-coverage="0% (0/2)">
							<conditions>
								<condition number="0" type="jump" coverage="0%"/>
							</conditions>
						</line>
						<line number="586" hits="0" branch="true" condition-coverage="0% (0/2)">
							<conditions>
								<condition number="0" type="jump" coverage="0%"/>
							</conditions>
						</line>
						<line number="587" hits="0" branch="true" condition-coverage="0% (0/2)">
							<conditions>
								<condition number="0" type="jump" coverage="0%"/>
							</conditions>
						</line>
						<line number="588" hits="0" branch="false"/>
						<line number="590" hits="0" branch="false"/>
						<line number="591" hits="0" branch="false"/>
						<line number="592" hits="0" branch="false"/>
						<line number="597" hits="0" branch="false"/>
						<line number="598" hits="0" branch="false"/>
						<line number="599" hits="0" branch="false"/>
						<line number="600" hits="0" branch="false"/>
						<line number="601" hits="0" branch="false"/>
						<line number="603" hits="0" branch="false"/>
						<line number="605" hits="0" branch="true" condition-coverage="0% (0/2)">
							<conditions>
								<condition number="0" type="jump" coverage="0%"/>
							</conditions>
						</line>
						<line number="606" hits="0" branch="false"/>
						<line number="608" hits="0" branch="false"/>
						<line number="614" hits="0" branch="false"/>
						<line number="615" hits="0" branch="false"/>
						<line number="616" hits="0" branch="false"/>
						<line number="617" hits="0" branch="false"/>
						<line number="618" hits="0" branch="false"/>
						<line number="620" hits="0" branch="false"/>
						<line number="622" hits="0" branch="true" condition-coverage="0% (0/2)">
							<conditions>
								<condition number="0" type="jump" coverage="0%"/>
							</conditions>
						</line>
						<line number="623" hits="0" branch="false"/>
						<line number="625" hits="0" branch="false"/>
						<line number="631" hits="0" branch="false"/>
						<line number="632" hits="0" branch="false"/>
						<line number="633" hits="0" branch="false"/>
						<line number="635" hits="0" branch="false"/>
						<line number="636" hits="0" branch="false"/>
						<line number="638" hits="0" branch="true" condition-coverage="0% (0/2)">
							<conditions>
								<condition number="0" type="jump" coverage="0%"/>
							</conditions>
						</line>
						<line number="639" hits="0" branch="false"/>
						<line number="641" hits="0" branch="false"/>
						<line number="647" hits="0" branch="false"/>
						<line number="648" hits="0" branch="false"/>
						<line number="649" hits="0" branch="false"/>
						<line number="650" hits="0" branch="false"/>
						<line number="652" hits="0" branch="false"/>
						<line number="653" hits="0" branch="false"/>
						<line number="655" hits="0" branch="true" condition-coverage="0% (0/2)">
							<conditions>
								<condition number="0" type="jump" coverage="0%"/>
							</conditions>
						</line>
						<line number="656" hits="0" branch="false"/>
						<line number="658" hits="0" branch="false"/>
						<line number="663" hits="0" branch="false"/>
						<line number="664" hits="0" branch="false"/>
						<line number="665" hits="0" branch="false"/>
						<line number="666" hits="0" branch="false"/>
						<line number="667" hits="0" branch="false"/>
						<line number="669" hits="0" branch="true" condition-coverage="0% (0/2)">
							<conditions>
								<condition number="0" type="jump" coverage="0%"/>
							</conditions>
						</line>
						<line number="670" hits="0" branch="false"/>
						<line number="672" hits="0" branch="false"/>
						<line number="685" hits="0" branch="false"/>
						<line number="686" hits="0" branch="false"/>
						<line number="687" hits="0" branch="false"/>
						<line number="688" hits="0" branch="false"/>
						<line number="690" hits="0" branch="false"/>
						<line number="702" hits="0" branch="false"/>
						<line number="703" hits="0" branch="false"/>
						<line number="704" hits="0" branch="false"/>
						<line number="706" hits="0" branch="false"/>
						<line number="718" hits="0" branch="false"/>
						<line number="719" hits="0" branch="false"/>
						<line number="720" hits="0" branch="false"/>
						<line number="722" hits="0" branch="false"/>
						<line number="733" hits="0" branch="false"/>
						<line number="734" hits="0" branch="false"/>
						<line number="735" hits="0" branch="false"/>
						<line number="736" hits="0" branch="false"/>
						<line number="747" hits="0" branch="false"/>
						<line number="748" hits="0" branch="false"/>
						<line number="749" hits="0" branch="false"/>
						<line number="750" hits="0" branch="false"/>
						<line number="762" hits="0" branch="false"/>
						<line number="774" hits="0" branch="false"/>
						<line number="779" hits="0" branch="false"/>
						<line number="780" hits="0" branch="false"/>
						<line number="781" hits="0" branch="false"/>
						<line number="783" hits="0" branch="false"/>
						<line number="785" hits="0" branch="false"/>
						<line number="790" hits="0" branch="false"/>
						<line number="792" hits="0" branch="false"/>
						<line number="797" hits="0" branch="false"/>
						<line number="799" hits="0" branch="false"/>
						<line number="811" hits="0" branch="false"/>
						<line number="824" hits="0" branch="false"/>
						<line number="837" hits="0" branch="false"/>
						<line number="842" hits="0" branch="false"/>
						<line number="843" hits="0" branch="false"/>
						<line number="845" hits="0" branch="false"/>
						<line number="846" hits="0" branch="false"/>
						<line number="848" hits="0" branch="true" condition-coverage="0% (0/2)">
							<conditions>
								<condition number="0" type="jump" coverage="0%"/>
							</conditions>
						</line>
						<line number="849" hits="0" branch="false"/>
						<line number="851" hits="0" branch="false"/>
						<line number="863" hits="0" branch="false"/>
						<line number="864" hits="0" branch="false"/>
						<line number="866" hits="0" branch="false"/>
						<line number="867" hits="0" branch="true" condition-coverage="0% (0/2)">
							<conditions>
								<condition number="0" type="jump" coverage="0%"/>
							</conditions>
						</line>
						<line number="868" hits="0" branch="false"/>
						<line number="869" hits="0" branch="false"/>
						<line number="871" hits="0" branch="false"/>
						<line number="885" hits="0" branch="false"/>
						<line number="886" hits="0" branch="false"/>
						<line number="888" hits="0" branch="false"/>
						<line number="889" hits="0" branch="false"/>
						<line number="891" hits="0" branch="true" condition-coverage="0% (0/2)">
							<conditions>
								<condition number="0" type="jump" coverage="0%"/>
							</conditions>
						</line>
						<line number="892" hits="0" branch="false"/>
						<line number="894" hits="0" branch="false"/>
						<line number="907" hits="0" branch="false"/>
						<line number="912" hits="0" branch="false"/>
						<line number="913" hits="0" branch="false"/>
						<line number="914" hits="0" branch="false"/>
						<line number="915" hits="0" branch="false"/>
						<line number="917" hits="0" branch="false"/>
						<line number="929" hits="0" branch="false"/>
						<line number="930" hits="0" branch="false"/>
						<line number="931" hits="0" branch="false"/>
						<line number="932" hits="0" branch="true" condition-coverage="0% (0/2)">
							<conditions>
								<condition number="0" type="jump" coverage="0%"/>
							</conditions>
						</line>
						<line number="933" hits="0" branch="false"/>
						<line number="935" hits="0" branch="false"/>
						<line number="954" hits="0" branch="false"/>
						<line number="955" hits="0" branch="false"/>
						<line number="956" hits="0" branch="false"/>
						<line number="958" hits="0" branch="false"/>
						<line number="959" hits="0" branch="false"/>
						<line number="960" hits="0" branch="false"/>
						<line number="961" hits="0" branch="false"/>
						<line number="962" hits="0" branch="false"/>
						<line number="963" hits="0" branch="false"/>
						<line number="969" hits="0" branch="false"/>
						<line number="970" hits="0" branch="false"/>
						<line number="971" hits="0" branch="false"/>
[...]
						<line number="1129" hits="0" branch="false"/>
						<line number="1130" hits="0" branch="true" condition-coverage="0% (0/2)">
							<conditions>
								<condition number="0" type="jump" coverage="0%"/>
							</conditions>
						</line>
						<line number="1131" hits="0" branch="false"/>
						<line number="1132" hits="0" branch="true" condition-coverage="0% (0/2)">
							<conditions>
								<condition number="0" type="jump" coverage="0%"/>
							</conditions>
						</line>
						<line number="1133" hits="0" branch="true" condition-coverage="0% (0/2)">
							<conditions>
								<condition number="0" type="jump" coverage="0%"/>
							</conditions>
						</line>
						<line number="1134" hits="0" branch="false"/>
						<line number="1135" hits="0" branch="true" condition-coverage="0% (0/2)">
							<conditions>
								<condition number="0" type="jump" coverage="0%"/>
							</conditions>
						</line>
						<line number="1136" hits="0" branch="false"/>
						<line number="1138" hits="0" branch="false"/>
						<line number="1139" hits="0" branch="false"/>
						<line number="1140" hits="0" branch="false"/>
						<line number="1141" hits="0" branch="false"/>
						<line number="1142" hits="0" branch="true" condition-coverage="0% (0/2)">
							<conditions>
								<condition number="0" type="jump" coverage="0%"/>
							</conditions>
						</line>
						<line number="1143" hits="0" branch="false"/>
						<line number="1145" hits="0" branch="false"/>
						<line number="1146" hits="0" branch="false"/>
						<line number="1147" hits="0" branch="false"/>
						<line number="1148" hits="0" branch="false"/>
						<line number="1149" hits="0" branch="true" condition-coverage="0% (0/2)">
							<conditions>
								<condition number="0" type="jump" coverage="0%"/>
							</conditions>
						</line>
						<line number="1150" hits="0" branch="false"/>
						<line number="1151" hits="0" branch="true" condition-coverage="0% (0/2)">
							<conditions>
								<condition number="0" type="jump" coverage="0%"/>
							</conditions>
						</line>
						<line number="1152" hits="0" branch="true" condition-coverage="0% (0/2)">
							<conditions>
								<condition number="0" type="jump" coverage="0%"/>
							</conditions>
						</line>
						<line number="1153" hits="0" branch="false"/>
						<line number="1154" hits="0" branch="false"/>
						<line number="1155" hits="0" branch="true" condition-coverage="0% (0/2)">
							<conditions>
								<condition number="0" type="jump" coverage="0%"/>
							</conditions>
						</line>
						<line number="1156" hits="0" branch="false"/>
						<line number="1157" hits="0" branch="true" condition-coverage="0% (0/2)">
							<conditions>
								<condition number="0" type="jump" coverage="0%"/>
							</conditions>
						</line>
						<line number="1158" hits="0" branch="false"/>
						<line number="1159" hits="0" branch="false"/>
						<line number="1160" hits="0" branch="false"/>
						<line number="1161" hits="0" branch="false"/>
						<line number="1162" hits="0" branch="false"/>
						<line number="1163" hits="0" branch="false"/>
						<line number="1164" hits="0" branch="false"/>
						<line number="1165" hits="0" branch="false"/>
						<line number="1172" hits="0" branch="false"/>
						<line number="1177" hits="0" branch="false"/>
						<line number="1183" hits="0" branch="false"/>
						<line number="1184" hits="0" branch="false"/>
						<line number="1185" hits="0" branch="true" condition-coverage="0% (0/2)">
							<conditions>
								<condition number="0" type="jump" coverage="0%"/>
							</conditions>
						</line>
						<line number="1186" hits="0" branch="false"/>
						<line number="1191" hits="0" branch="false"/>
						<line number="1192" hits="0" branch="false"/>
						<line number="1194" hits="0" branch="true" condition-coverage="0% (0/2)">
							<conditions>
								<condition number="0" type="jump" coverage="0%"/>
							</conditions>
						</line>
						<line number="1195" hits="0" branch="false"/>
						<line number="1200" hits="0" branch="true" condition-coverage="0% (0/2)">
							<conditions>
								<condition number="0" type="jump" coverage="0%"/>
							</conditions>
						</line>
						<line number="1205" hits="0" branch="false"/>
						<line number="1206" hits="0" branch="false"/>
						<line number="1207" hits="0" branch="false"/>
						<line number="1208" hits="0" branch="false"/>
						<line number="1209" hits="0" branch="false"/>
						<line number="1210" hits="0" branch="false"/>
						<line number="1221" hits="0" branch="false"/>
						<line number="1223" hits="0" branch="false"/>
						<line number="1224" hits="0" branch="false"/>
						<line number="1226" hits="0" branch="true" condition-coverage="0% (0/2)">
							<conditions>
								<condition number="0" type="jump" coverage="0%"/>
							</conditions>
						</line>
						<line number="1227" hits="0" branch="true" condition-coverage="0% (0/2)">
							<conditions>
								<condition number="0" type="jump" coverage="0%"/>
							</conditions>
						</line>
						<line number="1228" hits="0" branch="true" condition-coverage="0% (0/2)">
							<conditions>
								<condition number="0" type="jump" coverage="0%"/>
							</conditions>
						</line>
						<line number="1229" hits="0" branch="false"/>
						<line number="1232" hits="0" branch="false"/>
						<line number="1233" hits="0" branch="true" condition-coverage="0% (0/2)">
							<conditions>
								<condition number="0" type="jump" coverage="0%"/>
							</conditions>
						</line>
						<line number="1234" hits="0" branch="false"/>
						<line number="1236" hits="0" branch="false"/>
						<line number="1250" hits="0" branch="false"/>
						<line number="1252" hits="0" branch="false"/>
						<line number="1254" hits="0" branch="true" condition-coverage="0% (0/2)">
							<conditions>
								<condition number="0" type="jump" coverage="0%"/>
							</conditions>
						</line>
						<line number="1255" hits="0" branch="true" condition-coverage="0% (0/2)">
							<conditions>
								<condition number="0" type="jump" coverage="0%"/>
							</conditions>
						</line>
						<line number="1256" hits="0" branch="true" condition-coverage="0% (0/2)">
							<conditions>
								<condition number="0" type="jump" coverage="0%"/>
							</conditions>
						</line>
						<line number="1257" hits="0" branch="false"/>
						<line number="1260" hits="0" branch="false"/>
						<line number="1261" hits="0" branch="true" condition-coverage="0% (0/2)">
							<conditions>
								<condition number="0" type="jump" coverage="0%"/>
							</conditions>
						</line>
						<line number="1262" hits="0" branch="false"/>
						<line number="1264" hits="0" branch="false"/>
						<line number="1276" hits="0" branch="false"/>
						<line number="1277" hits="0" branch="false"/>
						<line number="1279" hits="0" branch="false"/>
						<line number="1280" hits="0" branch="false"/>
						<line number="1281" hits="0" branch="false"/>
						<line number="1283" hits="0" branch="false"/>
						<line number="1284" hits="0" branch="true" condition-coverage="0% (0/2)">
							<conditions>
								<condition number="0" type="jump" coverage="0%"/>
							</conditions>
						</line>
						<line number="1285" hits="0" branch="true" condition-coverage="0% (0/4)">
							<conditions>
								<condition number="0" type="jump" coverage="0%"/>
								<condition number="1" type="jump" coverage="0%"/>
							</conditions>
						</line>
						<line number="1286" hits="0" branch="false"/>
						<line number="1288" hits="0" branch="false"/>
						<line number="1290" hits="0" branch="false"/>
						<line number="1291" hits="0" branch="false"/>
						<line number="1313" hits="0" branch="false"/>
						<line number="1325" hits="0" branch="false"/>
						<line number="1336" hits="0" branch="false"/>
						<line number="1338" hits="0" branch="false"/>
						<line number="1340" hits="0" branch="false"/>
						<line number="1341" hits="0" branch="false"/>
						<line number="1342" hits="0" branch="false"/>
						<line number="1343" hits="0" branch="false"/>
						<line number="1345" hits="0" branch="false"/>
						<line number="1346" hits="0" branch="false"/>
						<line number="1347" hits="0" branch="false"/>
						<line number="1348" hits="0" branch="false"/>
						<line number="1349" hits="0" branch="true" condition-coverage="0% (0/4)">
							<conditions>
								<condition number="0" type="jump" coverage="0%"/>
								<condition number="1" type="jump" coverage="0%"/>
							</conditions>
						</line>
						<line number="1350" hits="0" branch="false"/>
						<line number="1352" hits="0" branch="false"/>
						<line number="1358" hits="0" branch="false"/>
						<line number="1360" hits="0" branch="false"/>
						<line number="1361" hits="0" branch="false"/>
						<line number="1362" hits="0" branch="false"/>
						<line number="1364" hits="0" branch="false"/>
						<line number="1368" hits="0" branch="false"/>
						<line number="1369" hits="0" branch="true" condition-coverage="0% (0/2)">
							<conditions>
								<condition number="0" type="jump" coverage="0%"/>
							</conditions>
						</line>
						<line number="1370" hits="0" branch="false"/>
						<line number="1371" hits="0" branch="false"/>
						<line number="1372" hits="0" branch="false"/>
						<line number="1373" hits="0" branch="false"/>
						<line number="1375" hits="0" branch="true" condition-coverage="0% (0/2)">
							<conditions>
								<condition number="0" type="jump" coverage="0%"/>
							</conditions>
						</line>
						<line number="1376" hits="0" branch="false"/>
						<line number="1378" hits="0" branch="false"/>
						<line number="1390" hits="0" branch="false"/>
						<line number="1395" hits="0" branch="false"/>
						<line number="1406" hits="0" branch="false"/>
						<line number="1418" hits="0" branch="false"/>
						<line number="1429" hits="0" branch="false"/>
						<line number="1441" hits="0" branch="false"/>
					</lines>
				</class>
			</classes>
		</package>
		<package name="life.qbic.openbis.openbisclient.helper" line-rate="0.0" branch-rate="0.0" complexity="1.1428571428571428">
			<classes>
				<class name="life.qbic.openbis.openbisclient.helper.OpenBisClientHelper" filename="life/qbic/openbis/openbisclient/helper/OpenBisClientHelper.java" line-rate="0.0" branch-rate="0.0" complexity="1.1428571428571428">
					<methods>
						<method name="&lt;init&gt;" signature="()V" line-rate="0.0" branch-rate="1.0" complexity="0">
							<lines>
								<line number="16" hits="0" branch="false"/>
							</lines>
						</method>
						<method name="fetchDataSetsCompletely" signature="()Lch/ethz/sis/openbis/generic/asapi/v3/dto/dataset/fetchoptions/DataSetFetchOptions;" line-rate="0.0" branch-rate="1.0" complexity="0">
							<lines>
								<line number="73" hits="0" branch="false"/>
								<line number="74" hits="0" branch="false"/>
								<line number="75" hits="0" branch="false"/>
								<line number="76" hits="0" branch="false"/>
								<line number="77" hits="0" branch="false"/>
								<line number="78" hits="0" branch="false"/>
								<line number="79" hits="0" branch="false"/>
								<line number="80" hits="0" branch="false"/>
								<line number="81" hits="0" branch="false"/>
								<line number="82" hits="0" branch="false"/>
								<line number="83" hits="0" branch="false"/>
								<line number="84" hits="0" branch="false"/>
								<line number="85" hits="0" branch="false"/>
								<line number="86" hits="0" branch="false"/>
								<line number="87" hits="0" branch="false"/>
								<line number="88" hits="0" branch="false"/>
								<line number="89" hits="0" branch="false"/>
								<line number="91" hits="0" branch="false"/>
							</lines>
						</method>
						<method name="fetchExperimentTypesCompletely" signature="()Lch/ethz/sis/openbis/generic/asapi/v3/dto/experiment/fetchoptions/ExperimentTypeFetchOptions;" line-rate="0.0" branch-rate="1.0" complexity="0">
							<lines>
								<line number="102" hits="0" branch="false"/>
								<line number="103" hits="0" branch="false"/>
								<line number="105" hits="0" branch="false"/>
							</lines>
						</method>
						<method name="fetchExperimentsCompletely" signature="()Lch/ethz/sis/openbis/generic/asapi/v3/dto/experiment/fetchoptions/ExperimentFetchOptions;" line-rate="0.0" branch-rate="1.0" complexity="0">
							<lines>
								<line number="56" hits="0" branch="false"/>
								<line number="57" hits="0" branch="false"/>
								<line number="58" hits="0" branch="false"/>
								<line number="59" hits="0" branch="false"/>
								<line number="60" hits="0" branch="false"/>
								<line number="61" hits="0" branch="false"/>
								<line number="62" hits="0" branch="false"/>
								<line number="63" hits="0" branch="false"/>
								<line number="64" hits="0" branch="false"/>
								<line number="65" hits="0" branch="false"/>
								<line number="66" hits="0" branch="false"/>
								<line number="67" hits="0" branch="false"/>
								<line number="69" hits="0" branch="false"/>
							</lines>
						</method>
						<method name="fetchProjectsCompletely" signature="()Lch/ethz/sis/openbis/generic/asapi/v3/dto/project/fetchoptions/ProjectFetchOptions;" line-rate="0.0" branch-rate="1.0" complexity="0">
							<lines>
								<line number="41" hits="0" branch="false"/>
								<line number="42" hits="0" branch="false"/>
								<line number="43" hits="0" branch="false"/>
								<line number="44" hits="0" branch="false"/>
								<line number="45" hits="0" branch="false"/>
								<line number="46" hits="0" branch="false"/>
								<line number="47" hits="0" branch="false"/>
								<line number="48" hits="0" branch="false"/>
								<line number="50" hits="0" branch="false"/>
								<line number="52" hits="0" branch="false"/>
							</lines>
						</method>
						<method name="fetchSampleTypesCompletely" signature="()Lch/ethz/sis/openbis/generic/asapi/v3/dto/sample/fetchoptions/SampleTypeFetchOptions;" line-rate="0.0" branch-rate="1.0" complexity="0">
							<lines>
								<line number="95" hits="0" branch="false"/>
								<line number="96" hits="0" branch="false"/>
								<line number="98" hits="0" branch="false"/>
							</lines>
						</method>
						<method name="fetchSamplesCompletely" signature="()Lch/ethz/sis/openbis/generic/asapi/v3/dto/sample/fetchoptions/SampleFetchOptions;" line-rate="0.0" branch-rate="1.0" complexity="0">
							<lines>
								<line number="19" hits="0" branch="false"/>
								<line number="20" hits="0" branch="false"/>
								<line number="21" hits="0" branch="false"/>
								<line number="22" hits="0" branch="false"/>
								<line number="23" hits="0" branch="false"/>
								<line number="24" hits="0" branch="false"/>
								<line number="25" hits="0" branch="false"/>
								<line number="26" hits="0" branch="false"/>
								<line number="27" hits="0" branch="false"/>
								<line number="29" hits="0" branch="false"/>
								<line number="30" hits="0" branch="false"/>
								<line number="31" hits="0" branch="false"/>
								<line number="32" hits="0" branch="false"/>
								<line number="33" hits="0" branch="false"/>
								<line number="34" hits="0" branch="false"/>
								<line number="35" hits="0" branch="false"/>
								<line number="37" hits="0" branch="false"/>
							</lines>
						</method>
						<method name="getPropertiesOfEntityType" signature="(Lch/ethz/sis/openbis/generic/asapi/v3/dto/common/interfaces/IEntityType;)Ljava/util/List;" line-rate="0.0" branch-rate="0.0" complexity="0">
							<lines>
								<line number="114" hits="0" branch="false"/>
								<line number="115" hits="0" branch="false"/>
								<line number="116" hits="0" branch="true" condition-coverage="0% (0/2)">
									<conditions>
										<condition number="0" type="jump" coverage="0%"/>
									</conditions>
								</line>
								<line number="117" hits="0" branch="false"/>
								<line number="118" hits="0" branch="false"/>
								<line number="119" hits="0" branch="false"/>
							</lines>
						</method>
					</methods>
					<lines>
						<line number="16" hits="0" branch="false"/>
						<line number="19" hits="0" branch="false"/>
						<line number="20" hits="0" branch="false"/>
						<line number="21" hits="0" branch="false"/>
						<line number="22" hits="0" branch="false"/>
						<line number="23" hits="0" branch="false"/>
						<line number="24" hits="0" branch="false"/>
						<line number="25" hits="0" branch="false"/>
						<line number="26" hits="0" branch="false"/>
						<line number="27" hits="0" branch="false"/>
						<line number="29" hits="0" branch="false"/>
						<line number="30" hits="0" branch="false"/>
						<line number="31" hits="0" branch="false"/>
						<line number="32" hits="0" branch="false"/>
						<line number="33" hits="0" branch="false"/>
						<line number="34" hits="0" branch="false"/>
						<line number="35" hits="0" branch="false"/>
						<line number="37" hits="0" branch="false"/>
						<line number="41" hits="0" branch="false"/>
						<line number="42" hits="0" branch="false"/>
						<line number="43" hits="0" branch="false"/>
						<line number="44" hits="0" branch="false"/>
						<line number="45" hits="0" branch="false"/>
						<line number="46" hits="0" branch="false"/>
						<line number="47" hits="0" branch="false"/>
						<line number="48" hits="0" branch="false"/>
						<line number="50" hits="0" branch="false"/>
						<line number="52" hits="0" branch="false"/>
						<line number="56" hits="0" branch="false"/>
						<line number="57" hits="0" branch="false"/>
						<line number="58" hits="0" branch="false"/>
						<line number="59" hits="0" branch="false"/>
						<line number="60" hits="0" branch="false"/>
						<line number="61" hits="0" branch="false"/>
						<line number="62" hits="0" branch="false"/>
						<line number="63" hits="0" branch="false"/>
						<line number="64" hits="0" branch="false"/>
						<line number="65" hits="0" branch="false"/>
						<line number="66" hits="0" branch="false"/>
						<line number="67" hits="0" branch="false"/>
						<line number="69" hits="0" branch="false"/>
						<line number="73" hits="0" branch="false"/>
						<line number="74" hits="0" branch="false"/>
						<line number="75" hits="0" branch="false"/>
						<line number="76" hits="0" branch="false"/>
						<line number="77" hits="0" branch="false"/>
						<line number="78" hits="0" branch="false"/>
						<line number="79" hits="0" branch="false"/>
						<line number="80" hits="0" branch="false"/>
						<line number="81" hits="0" branch="false"/>
						<line number="82" hits="0" branch="false"/>
						<line number="83" hits="0" branch="false"/>
						<line number="84" hits="0" branch="false"/>
						<line number="85" hits="0" branch="false"/>
						<line number="86" hits="0" branch="false"/>
						<line number="87" hits="0" branch="false"/>
						<line number="88" hits="0" branch="false"/>
						<line number="89" hits="0" branch="false"/>
						<line number="91" hits="0" branch="false"/>
						<line number="95" hits="0" branch="false"/>
						<line number="96" hits="0" branch="false"/>
						<line number="98" hits="0" branch="false"/>
						<line number="102" hits="0" branch="false"/>
						<line number="103" hits="0" branch="false"/>
						<line number="105" hits="0" branch="false"/>
						<line number="114" hits="0" branch="false"/>
						<line number="115" hits="0" branch="false"/>
						<line number="116" hits="0" branch="true" condition-coverage="0% (0/2)">
							<conditions>
								<condition number="0" type="jump" coverage="0%"/>
							</conditions>
						</line>
						<line number="117" hits="0" branch="false"/>
						<line number="118" hits="0" branch="false"/>
						<line number="119" hits="0" branch="false"/>
					</lines>
				</class>
			</classes>
		</package>
	</packages>
</coverage>
