<?xml version="1.0"?>
<!DOCTYPE coverage SYSTEM "http://cobertura.sourceforge.net/xml/coverage-04.dtd">

<coverage line-rate="0.0" branch-rate="0.0" lines-covered="0" lines-valid="614" branches-covered="0" branches-valid="154" complexity="1.6686746987951808" version="2.1.1" timestamp="1602253239253">
	<sources>
		<source>--source</source>
		<source>/home/travis/build/qbicsoftware/openbis-client-lib/src/main/java</source>
		<source>/home/travis/build/qbicsoftware/openbis-client-lib/src/main/groovy</source>
		<source>/home/travis/build/qbicsoftware/openbis-client-lib/target/generated-sources/annotations</source>
	</sources>
	<packages>
		<package name="life.qbic.openbis.openbisclient" line-rate="0.0" branch-rate="0.0" complexity="1.6918238993710693">
			<classes>
				<class name="life.qbic.openbis.openbisclient.IOpenBisClient" filename="life/qbic/openbis/openbisclient/IOpenBisClient.java" line-rate="1.0" branch-rate="1.0" complexity="1.0">
					<methods>
					</methods>
					<lines>
					</lines>
				</class>
				<class name="life.qbic.openbis.openbisclient.OpenBisClient" filename="life/qbic/openbis/openbisclient/OpenBisClient.java" line-rate="0.0" branch-rate="0.0" complexity="2.3095238095238093">
					<methods>
						<method name="&lt;clinit&gt;" signature="()V" line-rate="0.0" branch-rate="1.0" complexity="0">
							<lines>
								<line number="83" hits="0" branch="false"/>
							</lines>
						</method>
						<method name="&lt;init&gt;" signature="(Ljava/lang/String;Ljava/lang/String;Ljava/lang/String;)V" line-rate="0.0" branch-rate="1.0" complexity="0">
							<lines>
								<line number="79" hits="0" branch="false"/>
								<line number="92" hits="0" branch="false"/>
								<line number="93" hits="0" branch="false"/>
								<line number="94" hits="0" branch="false"/>
								<line number="95" hits="0" branch="false"/>
								<line number="96" hits="0" branch="false"/>
								<line number="98" hits="0" branch="false"/>
								<line number="99" hits="0" branch="false"/>
								<line number="100" hits="0" branch="false"/>
								<line number="101" hits="0" branch="false"/>
							</lines>
						</method>
						<method name="checksum" signature="(Ljava/lang/String;)C" line-rate="0.0" branch-rate="0.0" complexity="0">
							<lines>
								<line number="124" hits="0" branch="false"/>
								<line number="125" hits="0" branch="false"/>
								<line number="126" hits="0" branch="true" condition-coverage="0% (0/2)">
									<conditions>
										<condition number="0" type="jump" coverage="0%"/>
									</conditions>
								</line>
								<line number="127" hits="0" branch="false"/>
								<line number="128" hits="0" branch="false"/>
								<line number="130" hits="0" branch="false"/>
							</lines>
						</method>
						<method name="computeProjectStatus" signature="(Lch/ethz/sis/openbis/generic/asapi/v3/dto/project/Project;)F" line-rate="0.0" branch-rate="0.0" complexity="0">
							<lines>
								<line number="1211" hits="0" branch="false"/>
								<line number="1213" hits="0" branch="false"/>
								<line number="1214" hits="0" branch="false"/>
								<line number="1216" hits="0" branch="true" condition-coverage="0% (0/2)">
									<conditions>
										<condition number="0" type="jump" coverage="0%"/>
									</conditions>
								</line>
								<line number="1217" hits="0" branch="true" condition-coverage="0% (0/2)">
									<conditions>
										<condition number="0" type="jump" coverage="0%"/>
									</conditions>
								</line>
								<line number="1218" hits="0" branch="true" condition-coverage="0% (0/2)">
									<conditions>
										<condition number="0" type="jump" coverage="0%"/>
									</conditions>
								</line>
								<line number="1219" hits="0" branch="false"/>
								<line number="1222" hits="0" branch="false"/>
								<line number="1223" hits="0" branch="true" condition-coverage="0% (0/2)">
									<conditions>
										<condition number="0" type="jump" coverage="0%"/>
									</conditions>
								</line>
								<line number="1224" hits="0" branch="false"/>
								<line number="1226" hits="0" branch="false"/>
							</lines>
						</method>
						<method name="computeProjectStatus" signature="(Ljava/util/List;)F" line-rate="0.0" branch-rate="0.0" complexity="0">
							<lines>
								<line number="1240" hits="0" branch="false"/>
								<line number="1242" hits="0" branch="false"/>
								<line number="1244" hits="0" branch="true" condition-coverage="0% (0/2)">
									<conditions>
										<condition number="0" type="jump" coverage="0%"/>
									</conditions>
								</line>
								<line number="1245" hits="0" branch="true" condition-coverage="0% (0/2)">
									<conditions>
										<condition number="0" type="jump" coverage="0%"/>
									</conditions>
								</line>
								<line number="1246" hits="0" branch="true" condition-coverage="0% (0/2)">
									<conditions>
										<condition number="0" type="jump" coverage="0%"/>
									</conditions>
								</line>
								<line number="1247" hits="0" branch="false"/>
								<line number="1250" hits="0" branch="false"/>
								<line number="1251" hits="0" branch="true" condition-coverage="0% (0/2)">
									<conditions>
										<condition number="0" type="jump" coverage="0%"/>
									</conditions>
								</line>
								<line number="1252" hits="0" branch="false"/>
								<line number="1254" hits="0" branch="false"/>
							</lines>
						</method>
						<method name="ensureLoggedIn" signature="()V" line-rate="0.0" branch-rate="0.0" complexity="0">
							<lines>
								<line number="207" hits="0" branch="true" condition-coverage="0% (0/2)">
									<conditions>
										<condition number="0" type="jump" coverage="0%"/>
									</conditions>
								</line>
								<line number="208" hits="0" branch="false"/>
								<line number="210" hits="0" branch="false"/>
							</lines>
						</method>
						<method name="expExists" signature="(Ljava/lang/String;Ljava/lang/String;Ljava/lang/String;)Z" line-rate="0.0" branch-rate="0.0" complexity="0">
							<lines>
								<line number="1181" hits="0" branch="false"/>
								<line number="1182" hits="0" branch="false"/>
								<line number="1184" hits="0" branch="true" condition-coverage="0% (0/2)">
									<conditions>
										<condition number="0" type="jump" coverage="0%"/>
									</conditions>
								</line>
								<line number="1185" hits="0" branch="false"/>
							</lines>
						</method>
						<method name="fetchAncestorsOfType" signature="(Ljava/util/ArrayList;Ljava/lang/String;)Ljava/util/Set;" line-rate="0.0" branch-rate="0.0" complexity="0">
							<lines>
								<line number="1095" hits="0" branch="false"/>
								<line number="1096" hits="0" branch="true" condition-coverage="0% (0/2)">
									<conditions>
										<condition number="0" type="jump" coverage="0%"/>
									</conditions>
								</line>
								<line number="1097" hits="0" branch="false"/>
								<line number="1098" hits="0" branch="true" condition-coverage="0% (0/2)">
									<conditions>
										<condition number="0" type="jump" coverage="0%"/>
									</conditions>
								</line>
								<line number="1099" hits="0" branch="true" condition-coverage="0% (0/2)">
									<conditions>
										<condition number="0" type="jump" coverage="0%"/>
									</conditions>
								</line>
								<line number="1100" hits="0" branch="false"/>
								<line number="1102" hits="0" branch="false"/>
								<line number="1103" hits="0" branch="false"/>
								<line number="1104" hits="0" branch="false"/>
								<line number="1105" hits="0" branch="false"/>
								<line number="1106" hits="0" branch="false"/>
							</lines>
						</method>
						<method name="fetchSource" signature="(Ljava/util/List;Ljava/util/Map;)Ljava/lang/String;" line-rate="0.0" branch-rate="0.0" complexity="0">
							<lines>
								<line number="1117" hits="0" branch="false"/>
								<line number="1118" hits="0" branch="false"/>
								<line number="1119" hits="0" branch="false"/>
								<line number="1120" hits="0" branch="true" condition-coverage="0% (0/2)">
									<conditions>
										<condition number="0" type="jump" coverage="0%"/>
									</conditions>
								</line>
								<line number="1121" hits="0" branch="false"/>
								<line number="1122" hits="0" branch="true" condition-coverage="0% (0/2)">
									<conditions>
										<condition number="0" type="jump" coverage="0%"/>
									</conditions>
								</line>
								<line number="1123" hits="0" branch="true" condition-coverage="0% (0/2)">
									<conditions>
										<condition number="0" type="jump" coverage="0%"/>
									</conditions>
								</line>
								<line number="1124" hits="0" branch="false"/>
								<line number="1125" hits="0" branch="true" condition-coverage="0% (0/2)">
									<conditions>
										<condition number="0" type="jump" coverage="0%"/>
									</conditions>
								</line>
								<line number="1126" hits="0" branch="false"/>
								<line number="1128" hits="0" branch="false"/>
								<line number="1129" hits="0" branch="false"/>
								<line number="1130" hits="0" branch="false"/>
								<line number="1131" hits="0" branch="false"/>
								<line number="1132" hits="0" branch="true" condition-coverage="0% (0/2)">
									<conditions>
										<condition number="0" type="jump" coverage="0%"/>
									</conditions>
								</line>
								<line number="1133" hits="0" branch="false"/>
								<line number="1135" hits="0" branch="false"/>
								<line number="1136" hits="0" branch="false"/>
								<line number="1137" hits="0" branch="false"/>
								<line number="1138" hits="0" branch="false"/>
								<line number="1139" hits="0" branch="true" condition-coverage="0% (0/2)">
									<conditions>
										<condition number="0" type="jump" coverage="0%"/>
									</conditions>
								</line>
								<line number="1140" hits="0" branch="false"/>
								<line number="1141" hits="0" branch="true" condition-coverage="0% (0/2)">
									<conditions>
										<condition number="0" type="jump" coverage="0%"/>
									</conditions>
								</line>
								<line number="1142" hits="0" branch="true" condition-coverage="0% (0/2)">
									<conditions>
										<condition number="0" type="jump" coverage="0%"/>
									</conditions>
								</line>
								<line number="1143" hits="0" branch="false"/>
								<line number="1144" hits="0" branch="false"/>
								<line number="1145" hits="0" branch="true" condition-coverage="0% (0/2)">
									<conditions>
										<condition number="0" type="jump" coverage="0%"/>
									</conditions>
								</line>
								<line number="1146" hits="0" branch="false"/>
								<line number="1147" hits="0" branch="true" condition-coverage="0% (0/2)">
									<conditions>
										<condition number="0" type="jump" coverage="0%"/>
									</conditions>
								</line>
								<line number="1148" hits="0" branch="false"/>
								<line number="1149" hits="0" branch="false"/>
								<line number="1150" hits="0" branch="false"/>
								<line number="1151" hits="0" branch="false"/>
								<line number="1152" hits="0" branch="false"/>
								<line number="1153" hits="0" branch="false"/>
								<line number="1154" hits="0" branch="false"/>
								<line number="1155" hits="0" branch="false"/>
							</lines>
						</method>
						<method name="generateBarcode" signature="(Ljava/lang/String;I)Ljava/lang/String;" line-rate="0.0" branch-rate="1.0" complexity="0">
							<lines>
								<line number="902" hits="0" branch="false"/>
								<line number="903" hits="0" branch="false"/>
								<line number="904" hits="0" branch="false"/>
								<line number="905" hits="0" branch="false"/>
								<line number="907" hits="0" branch="false"/>
							</lines>
						</method>
						<method name="getCVLabelForProperty" signature="(Lch/ethz/sis/openbis/generic/asapi/v3/dto/property/PropertyType;Ljava/lang/String;)Ljava/lang/String;" line-rate="0.0" branch-rate="1.0" complexity="0">
							<lines>
								<line number="827" hits="0" branch="false"/>
							</lines>
						</method>
						<method name="getChildrenSamples" signature="(Lch/ethz/sis/openbis/generic/asapi/v3/dto/sample/Sample;)Ljava/util/List;" line-rate="0.0" branch-rate="1.0" complexity="0">
							<lines>
								<line number="1162" hits="0" branch="false"/>
							</lines>
						</method>
						<method name="getDataSetsByType" signature="(Ljava/lang/String;)Ljava/util/List;" line-rate="0.0" branch-rate="1.0" complexity="0">
							<lines>
								<line number="769" hits="0" branch="false"/>
								<line number="770" hits="0" branch="false"/>
								<line number="771" hits="0" branch="false"/>
								<line number="773" hits="0" branch="false"/>
								<line number="775" hits="0" branch="false"/>
							</lines>
						</method>
						<method name="getDataSetsOfExperiment" signature="(Ljava/lang/String;)Ljava/util/List;" line-rate="0.0" branch-rate="1.0" complexity="0">
							<lines>
								<line number="708" hits="0" branch="false"/>
								<line number="709" hits="0" branch="false"/>
								<line number="710" hits="0" branch="false"/>
								<line number="712" hits="0" branch="false"/>
							</lines>
						</method>
						<method name="getDataSetsOfExperimentByIdentifier" signature="(Ljava/lang/String;)Ljava/util/List;" line-rate="0.0" branch-rate="1.0" complexity="0">
							<lines>
								<line number="723" hits="0" branch="false"/>
								<line number="724" hits="0" branch="false"/>
								<line number="725" hits="0" branch="false"/>
								<line number="726" hits="0" branch="false"/>
							</lines>
						</method>
						<method name="getDataSetsOfProjectByIdentifier" signature="(Ljava/lang/String;)Ljava/util/List;" line-rate="0.0" branch-rate="1.0" complexity="0">
							<lines>
								<line number="752" hits="0" branch="false"/>
							</lines>
						</method>
						<method name="getDataSetsOfProjects" signature="(Ljava/util/List;)Ljava/util/List;" line-rate="0.0" branch-rate="1.0" complexity="0">
							<lines>
								<line number="764" hits="0" branch="false"/>
							</lines>
						</method>
						<method name="getDataSetsOfSample" signature="(Ljava/lang/String;)Ljava/util/List;" line-rate="0.0" branch-rate="1.0" complexity="0">
							<lines>
								<line number="692" hits="0" branch="false"/>
								<line number="693" hits="0" branch="false"/>
								<line number="694" hits="0" branch="false"/>
								<line number="696" hits="0" branch="false"/>
							</lines>
						</method>
						<method name="getDataSetsOfSampleByIdentifier" signature="(Ljava/lang/String;)Ljava/util/List;" line-rate="0.0" branch-rate="1.0" complexity="0">
							<lines>
								<line number="675" hits="0" branch="false"/>
								<line number="676" hits="0" branch="false"/>
								<line number="677" hits="0" branch="false"/>
								<line number="678" hits="0" branch="false"/>
								<line number="680" hits="0" branch="false"/>
							</lines>
						</method>
						<method name="getDataSetsOfSpaceByIdentifier" signature="(Ljava/lang/String;)Ljava/util/List;" line-rate="0.0" branch-rate="1.0" complexity="0">
							<lines>
								<line number="737" hits="0" branch="false"/>
								<line number="738" hits="0" branch="false"/>
								<line number="739" hits="0" branch="false"/>
								<line number="740" hits="0" branch="false"/>
							</lines>
						</method>
						<method name="getDataStoreDownloadURL" signature="(Ljava/lang/String;Ljava/lang/String;)Ljava/net/URL;" line-rate="0.0" branch-rate="1.0" complexity="0">
							<lines>
								<line number="944" hits="0" branch="false"/>
								<line number="945" hits="0" branch="false"/>
								<line number="946" hits="0" branch="false"/>
								<line number="948" hits="0" branch="false"/>
								<line number="949" hits="0" branch="false"/>
								<line number="950" hits="0" branch="false"/>
								<line number="951" hits="0" branch="false"/>
								<line number="952" hits="0" branch="false"/>
								<line number="953" hits="0" branch="false"/>
							</lines>
						</method>
						<method name="getDataStoreDownloadURLLessGeneric" signature="(Ljava/lang/String;Ljava/lang/String;)Ljava/net/URL;" line-rate="0.0" branch-rate="1.0" complexity="0">
							<lines>
								<line number="959" hits="0" branch="false"/>
								<line number="960" hits="0" branch="false"/>
								<line number="961" hits="0" branch="false"/>
								<line number="963" hits="0" branch="false"/>
								<line number="964" hits="0" branch="false"/>
								<line number="965" hits="0" branch="false"/>
								<line number="966" hits="0" branch="false"/>
								<line number="967" hits="0" branch="false"/>
								<line number="968" hits="0" branch="false"/>
							</lines>
						</method>
						<method name="getDatasetStream" signature="(Ljava/lang/String;)Ljava/io/InputStream;" line-rate="0.0" branch-rate="1.0" complexity="0">
							<lines>
								<line number="1419" hits="0" branch="false"/>
							</lines>
						</method>
						<method name="getDatasetStream" signature="(Ljava/lang/String;Ljava/lang/String;)Ljava/io/InputStream;" line-rate="0.0" branch-rate="1.0" complexity="0">
							<lines>
								<line number="1431" hits="0" branch="false"/>
							</lines>
						</method>
						<method name="getExperimentByCode" signature="(Ljava/lang/String;)Lch/ethz/sis/openbis/generic/asapi/v3/dto/experiment/Experiment;" line-rate="0.0" branch-rate="0.0" complexity="0">
							<lines>
								<line number="621" hits="0" branch="false"/>
								<line number="622" hits="0" branch="false"/>
								<line number="623" hits="0" branch="false"/>
								<line number="625" hits="0" branch="false"/>
								<line number="626" hits="0" branch="false"/>
								<line number="628" hits="0" branch="true" condition-coverage="0% (0/2)">
									<conditions>
										<condition number="0" type="jump" coverage="0%"/>
									</conditions>
								</line>
								<line number="629" hits="0" branch="false"/>
								<line number="631" hits="0" branch="false"/>
							</lines>
						</method>
						<method name="getExperimentById" signature="(Ljava/lang/String;)Lch/ethz/sis/openbis/generic/asapi/v3/dto/experiment/Experiment;" line-rate="0.0" branch-rate="0.0" complexity="0">
							<lines>
								<line number="637" hits="0" branch="false"/>
								<line number="638" hits="0" branch="false"/>
								<line number="639" hits="0" branch="false"/>
								<line number="640" hits="0" branch="false"/>
								<line number="642" hits="0" branch="false"/>
								<line number="643" hits="0" branch="false"/>
								<line number="645" hits="0" branch="true" condition-coverage="0% (0/2)">
									<conditions>
										<condition number="0" type="jump" coverage="0%"/>
									</conditions>
								</line>
								<line number="646" hits="0" branch="false"/>
								<line number="648" hits="0" branch="false"/>
							</lines>
						</method>
						<method name="getExperimentTypeByString" signature="(Ljava/lang/String;)Lch/ethz/sis/openbis/generic/asapi/v3/dto/experiment/ExperimentType;" line-rate="0.0" branch-rate="0.0" complexity="0">
							<lines>
								<line number="875" hits="0" branch="false"/>
								<line number="876" hits="0" branch="false"/>
								<line number="878" hits="0" branch="false"/>
								<line number="879" hits="0" branch="false"/>
								<line number="881" hits="0" branch="true" condition-coverage="0% (0/2)">
									<conditions>
										<condition number="0" type="jump" coverage="0%"/>
									</conditions>
								</line>
								<line number="882" hits="0" branch="false"/>
								<line number="884" hits="0" branch="false"/>
							</lines>
						</method>
						<method name="getExperimentsForProject" signature="(Lch/ethz/sis/openbis/generic/asapi/v3/dto/project/Project;)Ljava/util/List;" line-rate="0.0" branch-rate="1.0" complexity="0">
							<lines>
								<line number="435" hits="0" branch="false"/>
								<line number="436" hits="0" branch="false"/>
								<line number="437" hits="0" branch="false"/>
								<line number="439" hits="0" branch="false"/>
								<line number="440" hits="0" branch="false"/>
								<line number="442" hits="0" branch="false"/>
							</lines>
						</method>
						<method name="getExperimentsForProject" signature="(Ljava/lang/String;)Ljava/util/List;" line-rate="0.0" branch-rate="1.0" complexity="0">
							<lines>
								<line number="456" hits="0" branch="false"/>
								<line number="457" hits="0" branch="false"/>
							</lines>
						</method>
						<method name="getExperimentsForUser" signature="(Ljava/lang/String;)Ljava/util/List;" line-rate="0.0" branch-rate="0.0" complexity="0">
							<lines>
								<line number="1326" hits="0" branch="false"/>
								<line number="1328" hits="0" branch="false"/>
								<line number="1330" hits="0" branch="false"/>
								<line number="1331" hits="0" branch="false"/>
								<line number="1332" hits="0" branch="false"/>
								<line number="1333" hits="0" branch="false"/>
								<line number="1335" hits="0" branch="false"/>
								<line number="1336" hits="0" branch="false"/>
								<line number="1337" hits="0" branch="false"/>
								<line number="1338" hits="0" branch="false"/>
								<line number="1339" hits="0" branch="true" condition-coverage="0% (0/4)">
									<conditions>
										<condition number="0" type="jump" coverage="0%"/>
										<condition number="1" type="jump" coverage="0%"/>
									</conditions>
								</line>
								<line number="1340" hits="0" branch="false"/>
								<line number="1342" hits="0" branch="false"/>
							</lines>
						</method>
						<method name="getExperimentsOfProjectByCode" signature="(Ljava/lang/String;)Ljava/util/List;" line-rate="0.0" branch-rate="1.0" complexity="0">
							<lines>
								<line number="463" hits="0" branch="false"/>
								<line number="464" hits="0" branch="false"/>
								<line number="465" hits="0" branch="false"/>
								<line number="467" hits="0" branch="false"/>
								<line number="468" hits="0" branch="false"/>
								<line number="470" hits="0" branch="false"/>
							</lines>
						</method>
						<method name="getExperimentsOfProjectByIdentifier" signature="(Ljava/lang/String;)Ljava/util/List;" line-rate="0.0" branch-rate="1.0" complexity="0">
							<lines>
								<line number="414" hits="0" branch="false"/>
								<line number="415" hits="0" branch="false"/>
								<line number="416" hits="0" branch="false"/>
								<line number="417" hits="0" branch="false"/>
								<line number="418" hits="0" branch="false"/>
								<line number="420" hits="0" branch="false"/>
								<line number="421" hits="0" branch="false"/>
								<line number="423" hits="0" branch="false"/>
							</lines>
						</method>
						<method name="getExperimentsOfSpace" signature="(Ljava/lang/String;)Ljava/util/List;" line-rate="0.0" branch-rate="1.0" complexity="0">
							<lines>
								<line number="487" hits="0" branch="false"/>
								<line number="488" hits="0" branch="false"/>
								<line number="489" hits="0" branch="false"/>
								<line number="491" hits="0" branch="false"/>
								<line number="492" hits="0" branch="false"/>
								<line number="494" hits="0" branch="false"/>
							</lines>
						</method>
						<method name="getExperimentsOfType" signature="(Ljava/lang/String;)Ljava/util/List;" line-rate="0.0" branch-rate="1.0" complexity="0">
							<lines>
								<line number="499" hits="0" branch="false"/>
								<line number="500" hits="0" branch="false"/>
								<line number="501" hits="0" branch="false"/>
								<line number="503" hits="0" branch="false"/>
								<line number="504" hits="0" branch="false"/>
								<line number="506" hits="0" branch="false"/>
							</lines>
						</method>
						<method name="getParentMap" signature="(Ljava/util/List;)Ljava/util/Map;" line-rate="0.0" branch-rate="0.0" complexity="0">
							<lines>
								<line number="974" hits="0" branch="false"/>
								<line number="975" hits="0" branch="true" condition-coverage="0% (0/2)">
									<conditions>
										<condition number="0" type="jump" coverage="0%"/>
									</conditions>
								</line>
								<line number="976" hits="0" branch="false"/>
								<line number="978" hits="0" branch="false"/>
								<line number="979" hits="0" branch="false"/>
								<line number="980" hits="0" branch="false"/>
								<line number="981" hits="0" branch="false"/>
								<line number="982" hits="0" branch="true" condition-coverage="0% (0/2)">
									<conditions>
										<condition number="0" type="jump" coverage="0%"/>
									</conditions>
								</line>
								<line number="983" hits="0" branch="false"/>
								<line number="984" hits="0" branch="false"/>
								<line number="985" hits="0" branch="false"/>
								<line number="986" hits="0" branch="false"/>
								<line number="987" hits="0" branch="false"/>
								<line number="989" hits="0" branch="false"/>
							</lines>
						</method>
						<method name="getProjectByCode" signature="(Ljava/lang/String;)Lch/ethz/sis/openbis/generic/asapi/v3/dto/project/Project;" line-rate="0.0" branch-rate="0.0" complexity="0">
							<lines>
								<line number="604" hits="0" branch="false"/>
								<line number="605" hits="0" branch="false"/>
								<line number="606" hits="0" branch="false"/>
								<line number="607" hits="0" branch="false"/>
								<line number="608" hits="0" branch="false"/>
								<line number="610" hits="0" branch="false"/>
								<line number="612" hits="0" branch="true" condition-coverage="0% (0/2)">
									<conditions>
										<condition number="0" type="jump" coverage="0%"/>
									</conditions>
								</line>
								<line number="613" hits="0" branch="false"/>
								<line number="615" hits="0" branch="false"/>
							</lines>
						</method>
						<method name="getProjectByIdentifier" signature="(Ljava/lang/String;)Lch/ethz/sis/openbis/generic/asapi/v3/dto/project/Project;" line-rate="0.0" branch-rate="0.0" complexity="0">
							<lines>
								<line number="587" hits="0" branch="false"/>
								<line number="588" hits="0" branch="false"/>
								<line number="589" hits="0" branch="false"/>
								<line number="590" hits="0" branch="false"/>
								<line number="591" hits="0" branch="false"/>
								<line number="593" hits="0" branch="false"/>
								<line number="595" hits="0" branch="true" condition-coverage="0% (0/2)">
									<conditions>
										<condition number="0" type="jump" coverage="0%"/>
									</conditions>
								</line>
								<line number="596" hits="0" branch="false"/>
								<line number="598" hits="0" branch="false"/>
							</lines>
						</method>
						<method name="getProjectExperimentMapping" signature="(Ljava/lang/String;)Ljava/util/Map;" line-rate="0.0" branch-rate="0.0" complexity="0">
							<lines>
								<line number="475" hits="0" branch="false"/>
								<line number="476" hits="0" branch="false"/>
								<line number="477" hits="0" branch="true" condition-coverage="0% (0/2)">
									<conditions>
										<condition number="0" type="jump" coverage="0%"/>
									</conditions>
								</line>
								<line number="478" hits="0" branch="false"/>
								<line number="479" hits="0" branch="false"/>
								<line number="480" hits="0" branch="false"/>
								<line number="482" hits="0" branch="false"/>
							</lines>
						</method>
						<method name="getProjectOfExperimentByIdentifier" signature="(Ljava/lang/String;)Lch/ethz/sis/openbis/generic/asapi/v3/dto/project/Project;" line-rate="0.0" branch-rate="0.0" complexity="0">
							<lines>
								<line number="653" hits="0" branch="false"/>
								<line number="654" hits="0" branch="false"/>
								<line number="655" hits="0" branch="false"/>
								<line number="656" hits="0" branch="false"/>
								<line number="657" hits="0" branch="false"/>
								<line number="659" hits="0" branch="true" condition-coverage="0% (0/2)">
									<conditions>
										<condition number="0" type="jump" coverage="0%"/>
									</conditions>
								</line>
								<line number="660" hits="0" branch="false"/>
								<line number="662" hits="0" branch="false"/>
							</lines>
						</method>
						<method name="getProjectTSV" signature="(Ljava/lang/String;Ljava/lang/String;)Ljava/util/List;" line-rate="0.0" branch-rate="0.0" complexity="0">
							<lines>
								<line number="1008" hits="0" branch="false"/>
								<line number="1010" hits="0" branch="false"/>
								<line number="1012" hits="0" branch="false"/>
								<line number="1013" hits="0" branch="true" condition-coverage="0% (0/2)">
									<conditions>
										<condition number="0" type="jump" coverage="0%"/>
									</conditions>
								</line>
								<line number="1014" hits="0" branch="true" condition-coverage="0% (0/2)">
									<conditions>
										<condition number="0" type="jump" coverage="0%"/>
									</conditions>
								</line>
								<line number="1015" hits="0" branch="false"/>
								<line number="1016" hits="0" branch="false"/>
								<line number="1017" hits="0" branch="false"/>
								<line number="1018" hits="0" branch="false"/>
								<line number="1019" hits="0" branch="true" condition-coverage="0% (0/2)">
									<conditions>
										<condition number="0" type="jump" coverage="0%"/>
									</conditions>
								</line>
								<line number="1020" hits="0" branch="false"/>
								<line number="1021" hits="0" branch="false"/>
								<line number="1022" hits="0" branch="false"/>
								<line number="1023" hits="0" branch="true" condition-coverage="0% (0/2)">
									<conditions>
										<condition number="0" type="jump" coverage="0%"/>
									</conditions>
								</line>
								<line number="1024" hits="0" branch="false"/>
								<line number="1025" hits="0" branch="true" condition-coverage="0% (0/2)">
									<conditions>
										<condition number="0" type="jump" coverage="0%"/>
									</conditions>
								</line>
								<line number="1026" hits="0" branch="false"/>
								<line number="1027" hits="0" branch="false"/>
								<line number="1028" hits="0" branch="true" condition-coverage="0% (0/2)">
									<conditions>
										<condition number="0" type="jump" coverage="0%"/>
									</conditions>
								</line>
								<line number="1029" hits="0" branch="false"/>
								<line number="1030" hits="0" branch="false"/>
								<line number="1031" hits="0" branch="false"/>
								<line number="1032" hits="0" branch="false"/>
								<line number="1033" hits="0" branch="false"/>
								<line number="1034" hits="0" branch="false"/>
								<line number="1035" hits="0" branch="false"/>
								<line number="1036" hits="0" branch="false"/>
								<line number="1037" hits="0" branch="true" condition-coverage="0% (0/2)">
									<conditions>
										<condition number="0" type="jump" coverage="0%"/>
									</conditions>
								</line>
								<line number="1038" hits="0" branch="false"/>
								<line number="1040" hits="0" branch="true" condition-coverage="0% (0/2)">
									<conditions>
										<condition number="0" type="jump" coverage="0%"/>
									</conditions>
								</line>
								<line number="1041" hits="0" branch="false"/>
								<line number="1043" hits="0" branch="false"/>
								<line number="1044" hits="0" branch="false"/>
								<line number="1045" hits="0" branch="true" condition-coverage="0% (0/2)">
									<conditions>
										<condition number="0" type="jump" coverage="0%"/>
									</conditions>
								</line>
								<line number="1046" hits="0" branch="false"/>
								<line number="1047" hits="0" branch="false"/>
								<line number="1048" hits="0" branch="false"/>
								<line number="1049" hits="0" branch="true" condition-coverage="0% (0/2)">
									<conditions>
										<condition number="0" type="jump" coverage="0%"/>
									</conditions>
								</line>
								<line number="1050" hits="0" branch="false"/>
								<line number="1052" hits="0" branch="false"/>
								<line number="1053" hits="0" branch="false"/>
								<line number="1055" hits="0" branch="true" condition-coverage="0% (0/2)">
									<conditions>
										<condition number="0" type="jump" coverage="0%"/>
									</conditions>
								</line>
								<line number="1056" hits="0" branch="false"/>
								<line number="1058" hits="0" branch="false"/>
								<line number="1059" hits="0" branch="true" condition-coverage="0% (0/2)">
									<conditions>
										<condition number="0" type="jump" coverage="0%"/>
									</conditions>
								</line>
								<line number="1060" hits="0" branch="false"/>
								<line number="1061" hits="0" branch="false"/>
								<line number="1062" hits="0" branch="false"/>
								<line number="1063" hits="0" branch="false"/>
								<line number="1064" hits="0" branch="false"/>
								<line number="1066" hits="0" branch="false"/>
								<line number="1067" hits="0" branch="false"/>
								<line number="1068" hits="0" branch="false"/>
							</lines>
						</method>
						<method name="getProjectsOfSpace" signature="(Ljava/lang/String;)Ljava/util/List;" line-rate="0.0" branch-rate="1.0" complexity="0">
							<lines>
								<line number="522" hits="0" branch="false"/>
								<line number="523" hits="0" branch="false"/>
								<line number="524" hits="0" branch="false"/>
								<line number="526" hits="0" branch="false"/>
								<line number="528" hits="0" branch="false"/>
							</lines>
						</method>
						<method name="getPropertiesOfDataSetType" signature="(Lch/ethz/sis/openbis/generic/asapi/v3/dto/dataset/DataSetType;)Ljava/util/List;" line-rate="0.0" branch-rate="0.0" complexity="0">
							<lines>
								<line number="359" hits="0" branch="false"/>
								<line number="360" hits="0" branch="false"/>
								<line number="361" hits="0" branch="false"/>
								<line number="362" hits="0" branch="false"/>
								<line number="364" hits="0" branch="false"/>
								<line number="366" hits="0" branch="true" condition-coverage="0% (0/2)">
									<conditions>
										<condition number="0" type="jump" coverage="0%"/>
									</conditions>
								</line>
								<line number="367" hits="0" branch="false"/>
								<line number="369" hits="0" branch="true" condition-coverage="0% (0/2)">
									<conditions>
										<condition number="0" type="jump" coverage="0%"/>
									</conditions>
								</line>
								<line number="370" hits="0" branch="false"/>
								<line number="373" hits="0" branch="false"/>
								<line number="375" hits="0" branch="false"/>
							</lines>
						</method>
						<method name="getPropertiesOfExperimentType" signature="(Lch/ethz/sis/openbis/generic/asapi/v3/dto/experiment/ExperimentType;)Ljava/util/List;" line-rate="0.0" branch-rate="0.0" complexity="0">
							<lines>
								<line number="315" hits="0" branch="false"/>
								<line number="316" hits="0" branch="false"/>
								<line number="317" hits="0" branch="false"/>
								<line number="318" hits="0" branch="false"/>
								<line number="320" hits="0" branch="false"/>
								<line number="322" hits="0" branch="false"/>
								<line number="324" hits="0" branch="true" condition-coverage="0% (0/2)">
									<conditions>
										<condition number="0" type="jump" coverage="0%"/>
									</conditions>
								</line>
								<line number="325" hits="0" branch="false"/>
								<line number="327" hits="0" branch="true" condition-coverage="0% (0/2)">
									<conditions>
										<condition number="0" type="jump" coverage="0%"/>
									</conditions>
								</line>
								<line number="328" hits="0" branch="false"/>
								<line number="331" hits="0" branch="false"/>
								<line number="333" hits="0" branch="false"/>
							</lines>
						</method>
						<method name="getPropertiesOfSampleType" signature="(Lch/ethz/sis/openbis/generic/asapi/v3/dto/sample/SampleType;)Ljava/util/List;" line-rate="0.0" branch-rate="0.0" complexity="0">
							<lines>
								<line number="338" hits="0" branch="false"/>
								<line number="339" hits="0" branch="false"/>
								<line number="340" hits="0" branch="false"/>
								<line number="341" hits="0" branch="false"/>
								<line number="343" hits="0" branch="false"/>
								<line number="345" hits="0" branch="true" condition-coverage="0% (0/2)">
									<conditions>
										<condition number="0" type="jump" coverage="0%"/>
									</conditions>
								</line>
								<line number="346" hits="0" branch="false"/>
								<line number="348" hits="0" branch="true" condition-coverage="0% (0/2)">
									<conditions>
										<condition number="0" type="jump" coverage="0%"/>
									</conditions>
								</line>
								<line number="349" hits="0" branch="false"/>
								<line number="352" hits="0" branch="false"/>
								<line number="354" hits="0" branch="false"/>
							</lines>
						</method>
						<method name="getPropertyOfSamples" signature="(Ljava/util/Set;Ljava/lang/String;)Ljava/lang/String;" line-rate="0.0" branch-rate="0.0" complexity="0">
							<lines>
								<line number="1079" hits="0" branch="false"/>
								<line number="1080" hits="0" branch="true" condition-coverage="0% (0/2)">
									<conditions>
										<condition number="0" type="jump" coverage="0%"/>
									</conditions>
								</line>
								<line number="1081" hits="0" branch="false"/>
								<line number="1082" hits="0" branch="false"/>
								<line number="1083" hits="0" branch="false"/>
							</lines>
						</method>
						<method name="getSampleByIdentifier" signature="(Ljava/lang/String;)Lch/ethz/sis/openbis/generic/asapi/v3/dto/sample/Sample;" line-rate="0.0" branch-rate="0.0" complexity="0">
							<lines>
								<line number="298" hits="0" branch="false"/>
								<line number="299" hits="0" branch="false"/>
								<line number="300" hits="0" branch="false"/>
								<line number="302" hits="0" branch="false"/>
								<line number="303" hits="0" branch="false"/>
								<line number="305" hits="0" branch="true" condition-coverage="0% (0/2)">
									<conditions>
										<condition number="0" type="jump" coverage="0%"/>
									</conditions>
								</line>
								<line number="306" hits="0" branch="false"/>
								<line number="308" hits="0" branch="false"/>
							</lines>
						</method>
						<method name="getSamplePropertyOrEmptyString" signature="(Lch/ethz/sis/openbis/generic/asapi/v3/dto/sample/Sample;Ljava/lang/String;)Ljava/lang/String;" line-rate="0.0" branch-rate="0.0" complexity="0">
							<lines>
								<line number="993" hits="0" branch="false"/>
								<line number="994" hits="0" branch="true" condition-coverage="0% (0/2)">
									<conditions>
										<condition number="0" type="jump" coverage="0%"/>
									</conditions>
								</line>
								<line number="995" hits="0" branch="false"/>
							</lines>
						</method>
						<method name="getSampleTypeByString" signature="(Ljava/lang/String;)Lch/ethz/sis/openbis/generic/asapi/v3/dto/sample/SampleType;" line-rate="0.0" branch-rate="0.0" complexity="0">
							<lines>
								<line number="832" hits="0" branch="false"/>
								<line number="833" hits="0" branch="false"/>
								<line number="835" hits="0" branch="false"/>
								<line number="836" hits="0" branch="false"/>
								<line number="838" hits="0" branch="true" condition-coverage="0% (0/2)">
									<conditions>
										<condition number="0" type="jump" coverage="0%"/>
									</conditions>
								</line>
								<line number="839" hits="0" branch="false"/>
								<line number="841" hits="0" branch="false"/>
							</lines>
						</method>
						<method name="getSampleTypes" signature="()Ljava/util/Map;" line-rate="0.0" branch-rate="0.0" complexity="0">
							<lines>
								<line number="853" hits="0" branch="false"/>
								<line number="854" hits="0" branch="false"/>
								<line number="856" hits="0" branch="false"/>
								<line number="857" hits="0" branch="true" condition-coverage="0% (0/2)">
									<conditions>
										<condition number="0" type="jump" coverage="0%"/>
									</conditions>
								</line>
								<line number="858" hits="0" branch="false"/>
								<line number="859" hits="0" branch="false"/>
								<line number="861" hits="0" branch="false"/>
							</lines>
						</method>
						<method name="getSamplesOfProject" signature="(Ljava/lang/String;)Ljava/util/List;" line-rate="0.0" branch-rate="1.0" complexity="0">
							<lines>
								<line number="380" hits="0" branch="false"/>
								<line number="381" hits="0" branch="false"/>
								<line number="382" hits="0" branch="false"/>
								<line number="383" hits="0" branch="false"/>
								<line number="384" hits="0" branch="false"/>
								<line number="385" hits="0" branch="false"/>
								<line number="387" hits="0" branch="false"/>
								<line number="388" hits="0" branch="false"/>
								<line number="390" hits="0" branch="false"/>
							</lines>
						</method>
						<method name="getSamplesOfType" signature="(Ljava/lang/String;)Ljava/util/List;" line-rate="0.0" branch-rate="1.0" complexity="0">
							<lines>
								<line number="511" hits="0" branch="false"/>
								<line number="512" hits="0" branch="false"/>
								<line number="513" hits="0" branch="false"/>
								<line number="515" hits="0" branch="false"/>
								<line number="516" hits="0" branch="false"/>
								<line number="517" hits="0" branch="false"/>
							</lines>
						</method>
						<method name="getSamplesWithParentsAndChildren" signature="(Ljava/lang/String;)Ljava/util/List;" line-rate="0.0" branch-rate="1.0" complexity="0">
							<lines>
								<line number="402" hits="0" branch="false"/>
								<line number="403" hits="0" branch="false"/>
								<line number="404" hits="0" branch="false"/>
								<line number="406" hits="0" branch="false"/>
								<line number="407" hits="0" branch="false"/>
								<line number="409" hits="0" branch="false"/>
							</lines>
						</method>
						<method name="getSamplesofExperiment" signature="(Ljava/lang/String;)Ljava/util/List;" line-rate="0.0" branch-rate="1.0" complexity="0">
							<lines>
								<line number="267" hits="0" branch="false"/>
								<line number="269" hits="0" branch="false"/>
								<line number="270" hits="0" branch="false"/>
								<line number="272" hits="0" branch="false"/>
								<line number="273" hits="0" branch="false"/>
								<line number="274" hits="0" branch="false"/>
							</lines>
						</method>
						<method name="getSamplesofSpace" signature="(Ljava/lang/String;)Ljava/util/List;" line-rate="0.0" branch-rate="1.0" complexity="0">
							<lines>
								<line number="286" hits="0" branch="false"/>
								<line number="287" hits="0" branch="false"/>
								<line number="288" hits="0" branch="false"/>
								<line number="290" hits="0" branch="false"/>
								<line number="291" hits="0" branch="false"/>
								<line number="292" hits="0" branch="false"/>
							</lines>
						</method>
						<method name="getSessionToken" signature="()Ljava/lang/String;" line-rate="0.0" branch-rate="1.0" complexity="0">
							<lines>
								<line number="199" hits="0" branch="false"/>
							</lines>
						</method>
						<method name="getSpaceMembers" signature="(Ljava/lang/String;)Ljava/util/Set;" line-rate="0.0" branch-rate="1.0" complexity="0">
							<lines>
								<line number="801" hits="0" branch="false"/>
							</lines>
						</method>
						<method name="getUrlForDataset" signature="(Ljava/lang/String;Ljava/lang/String;)Ljava/net/URL;" line-rate="0.0" branch-rate="1.0" complexity="0">
							<lines>
								<line number="1408" hits="0" branch="false"/>
							</lines>
						</method>
						<method name="getUserSpaces" signature="(Ljava/lang/String;)Ljava/util/List;" line-rate="0.0" branch-rate="0.0" complexity="0">
							<lines>
								<line number="540" hits="0" branch="false"/>
								<line number="541" hits="0" branch="false"/>
								<line number="544" hits="0" branch="false"/>
								<line number="545" hits="0" branch="false"/>
								<line number="546" hits="0" branch="true" condition-coverage="0% (0/2)">
									<conditions>
										<condition number="0" type="jump" coverage="0%"/>
									</conditions>
								</line>
								<line number="547" hits="0" branch="true" condition-coverage="0% (0/2)">
									<conditions>
										<condition number="0" type="jump" coverage="0%"/>
									</conditions>
								</line>
								<line number="548" hits="0" branch="false"/>
								<line number="549" hits="0" branch="false"/>
								<line number="551" hits="0" branch="false"/>
								<line number="552" hits="0" branch="false"/>
								<line number="554" hits="0" branch="false"/>
								<line number="555" hits="0" branch="false"/>
								<line number="556" hits="0" branch="false"/>
								<line number="557" hits="0" branch="false"/>
								<line number="559" hits="0" branch="false"/>
							</lines>
						</method>
						<method name="getV3" signature="()Lch/ethz/sis/openbis/generic/asapi/v3/IApplicationServerApi;" line-rate="0.0" branch-rate="1.0" complexity="0">
							<lines>
								<line number="140" hits="0" branch="false"/>
							</lines>
						</method>
						<method name="getVocabCodesAndLabelsForVocab" signature="(Ljava/lang/String;)Ljava/util/Map;" line-rate="0.0" branch-rate="0.0" complexity="0">
							<lines>
								<line number="1266" hits="0" branch="false"/>
								<line number="1267" hits="0" branch="false"/>
								<line number="1269" hits="0" branch="false"/>
								<line number="1270" hits="0" branch="false"/>
								<line number="1271" hits="0" branch="false"/>
								<line number="1273" hits="0" branch="false"/>
								<line number="1274" hits="0" branch="true" condition-coverage="0% (0/2)">
									<conditions>
										<condition number="0" type="jump" coverage="0%"/>
									</conditions>
								</line>
								<line number="1275" hits="0" branch="true" condition-coverage="0% (0/4)">
									<conditions>
										<condition number="0" type="jump" coverage="0%"/>
										<condition number="1" type="jump" coverage="0%"/>
									</conditions>
								</line>
								<line number="1276" hits="0" branch="false"/>
								<line number="1278" hits="0" branch="false"/>
								<line number="1280" hits="0" branch="false"/>
								<line number="1281" hits="0" branch="false"/>
							</lines>
						</method>
						<method name="getVocabCodesForVocab" signature="(Ljava/lang/String;)Ljava/util/List;" line-rate="0.0" branch-rate="1.0" complexity="0">
							<lines>
								<line number="1315" hits="0" branch="false"/>
							</lines>
						</method>
						<method name="getVocabulary" signature="(Ljava/lang/String;)Lch/ethz/sis/openbis/generic/asapi/v3/dto/vocabulary/Vocabulary;" line-rate="0.0" branch-rate="1.0" complexity="0">
							<lines>
								<line number="1303" hits="0" branch="false"/>
							</lines>
						</method>
						<method name="ingest" signature="(Ljava/lang/String;Ljava/lang/String;Ljava/util/Map;)V" line-rate="0.0" branch-rate="1.0" complexity="0">
							<lines>
								<line number="1348" hits="0" branch="false"/>
								<line number="1350" hits="0" branch="false"/>
								<line number="1351" hits="0" branch="false"/>
								<line number="1352" hits="0" branch="false"/>
								<line number="1354" hits="0" branch="false"/>
							</lines>
						</method>
						<method name="isUserAdmin" signature="(Ljava/lang/String;)Z" line-rate="0.0" branch-rate="0.0" complexity="0">
							<lines>
								<line number="569" hits="0" branch="false"/>
								<line number="570" hits="0" branch="false"/>
								<line number="571" hits="0" branch="false"/>
								<line number="572" hits="0" branch="false"/>
								<line number="573" hits="0" branch="false"/>
								<line number="574" hits="0" branch="false"/>
								<line number="575" hits="0" branch="true" condition-coverage="0% (0/2)">
									<conditions>
										<condition number="0" type="jump" coverage="0%"/>
									</conditions>
								</line>
								<line number="576" hits="0" branch="true" condition-coverage="0% (0/2)">
									<conditions>
										<condition number="0" type="jump" coverage="0%"/>
									</conditions>
								</line>
								<line number="577" hits="0" branch="true" condition-coverage="0% (0/2)">
									<conditions>
										<condition number="0" type="jump" coverage="0%"/>
									</conditions>
								</line>
								<line number="578" hits="0" branch="false"/>
								<line number="580" hits="0" branch="false"/>
								<line number="581" hits="0" branch="false"/>
								<line number="582" hits="0" branch="false"/>
							</lines>
						</method>
						<method name="listAttachmentsForProjectByIdentifier" signature="(Ljava/lang/String;)Ljava/util/List;" line-rate="0.0" branch-rate="1.0" complexity="0">
							<lines>
								<line number="787" hits="0" branch="false"/>
								<line number="789" hits="0" branch="false"/>
							</lines>
						</method>
						<method name="listAttachmentsForSampleByIdentifier" signature="(Ljava/lang/String;)Ljava/util/List;" line-rate="0.0" branch-rate="1.0" complexity="0">
							<lines>
								<line number="780" hits="0" branch="false"/>
								<line number="782" hits="0" branch="false"/>
							</lines>
						</method>
						<method name="listDataSetsForExperiments" signature="(Ljava/util/List;)Ljava/util/List;" line-rate="0.0" branch-rate="1.0" complexity="0">
							<lines>
								<line number="1380" hits="0" branch="false"/>
							</lines>
						</method>
						<method name="listDataSetsForSamples" signature="(Ljava/util/List;)Ljava/util/List;" line-rate="0.0" branch-rate="1.0" complexity="0">
							<lines>
								<line number="1396" hits="0" branch="false"/>
							</lines>
						</method>
						<method name="listExperiments" signature="()Ljava/util/List;" line-rate="0.0" branch-rate="1.0" complexity="0">
							<lines>
								<line number="250" hits="0" branch="false"/>
								<line number="251" hits="0" branch="false"/>
								<line number="252" hits="0" branch="false"/>
								<line number="253" hits="0" branch="false"/>
							</lines>
						</method>
						<method name="listExperimentsOfProjects" signature="(Ljava/util/List;)Ljava/util/List;" line-rate="0.0" branch-rate="0.0" complexity="0">
							<lines>
								<line number="1358" hits="0" branch="false"/>
								<line number="1359" hits="0" branch="true" condition-coverage="0% (0/2)">
									<conditions>
										<condition number="0" type="jump" coverage="0%"/>
									</conditions>
								</line>
								<line number="1360" hits="0" branch="false"/>
								<line number="1361" hits="0" branch="false"/>
								<line number="1362" hits="0" branch="false"/>
								<line number="1363" hits="0" branch="false"/>
								<line number="1365" hits="0" branch="true" condition-coverage="0% (0/2)">
									<conditions>
										<condition number="0" type="jump" coverage="0%"/>
									</conditions>
								</line>
								<line number="1366" hits="0" branch="false"/>
								<line number="1368" hits="0" branch="false"/>
							</lines>
						</method>
						<method name="listProjects" signature="()Ljava/util/List;" line-rate="0.0" branch-rate="1.0" complexity="0">
							<lines>
								<line number="237" hits="0" branch="false"/>
								<line number="238" hits="0" branch="false"/>
								<line number="239" hits="0" branch="false"/>
								<line number="240" hits="0" branch="false"/>
							</lines>
						</method>
						<method name="listSamplesForProjects" signature="(Ljava/util/List;)Ljava/util/List;" line-rate="0.0" branch-rate="1.0" complexity="0">
							<lines>
								<line number="1385" hits="0" branch="false"/>
							</lines>
						</method>
						<method name="listSpaces" signature="()Ljava/util/List;" line-rate="0.0" branch-rate="0.0" complexity="0">
							<lines>
								<line number="219" hits="0" branch="false"/>
								<line number="220" hits="0" branch="false"/>
								<line number="221" hits="0" branch="false"/>
								<line number="222" hits="0" branch="false"/>
								<line number="223" hits="0" branch="true" condition-coverage="0% (0/2)">
									<conditions>
										<condition number="0" type="jump" coverage="0%"/>
									</conditions>
								</line>
								<line number="224" hits="0" branch="false"/>
								<line number="225" hits="0" branch="false"/>
								<line number="227" hits="0" branch="false"/>
							</lines>
						</method>
						<method name="listVocabularyTermsForProperty" signature="(Lch/ethz/sis/openbis/generic/asapi/v3/dto/property/PropertyType;)Ljava/util/List;" line-rate="0.0" branch-rate="1.0" complexity="0">
							<lines>
								<line number="814" hits="0" branch="false"/>
							</lines>
						</method>
						<method name="loggedin" signature="()Z" line-rate="0.0" branch-rate="1.0" complexity="0">
							<lines>
								<line number="149" hits="0" branch="false"/>
								<line number="150" hits="0" branch="false"/>
								<line number="151" hits="0" branch="false"/>
							</lines>
						</method>
						<method name="login" signature="()V" line-rate="0.0" branch-rate="0.0" complexity="0">
							<lines>
								<line number="175" hits="0" branch="true" condition-coverage="0% (0/2)">
									<conditions>
										<condition number="0" type="jump" coverage="0%"/>
									</conditions>
								</line>
								<line number="176" hits="0" branch="false"/>
								<line number="179" hits="0" branch="false"/>
								<line number="180" hits="0" branch="false"/>
							</lines>
						</method>
						<method name="loginAsUser" signature="(Ljava/lang/String;)V" line-rate="0.0" branch-rate="0.0" complexity="0">
							<lines>
								<line number="183" hits="0" branch="true" condition-coverage="0% (0/2)">
									<conditions>
										<condition number="0" type="jump" coverage="0%"/>
									</conditions>
								</line>
								<line number="184" hits="0" branch="false"/>
								<line number="188" hits="0" branch="false"/>
								<line number="189" hits="0" branch="false"/>
							</lines>
						</method>
						<method name="logout" signature="()V" line-rate="0.0" branch-rate="0.0" complexity="0">
							<lines>
								<line number="160" hits="0" branch="true" condition-coverage="0% (0/2)">
									<conditions>
										<condition number="0" type="jump" coverage="0%"/>
									</conditions>
								</line>
								<line number="161" hits="0" branch="false"/>
								<line number="163" hits="0" branch="false"/>
								<line number="167" hits="0" branch="false"/>
							</lines>
						</method>
						<method name="mapToChar" signature="(I)C" line-rate="0.0" branch-rate="0.0" complexity="0">
							<lines>
								<line number="110" hits="0" branch="false"/>
								<line number="111" hits="0" branch="true" condition-coverage="0% (0/2)">
									<conditions>
										<condition number="0" type="jump" coverage="0%"/>
									</conditions>
								</line>
								<line number="112" hits="0" branch="false"/>
								<line number="114" hits="0" branch="false"/>
							</lines>
						</method>
						<method name="openBIScodeToString" signature="(Ljava/lang/String;)Ljava/lang/String;" line-rate="0.0" branch-rate="0.0" complexity="0">
							<lines>
								<line number="919" hits="0" branch="false"/>
								<line number="920" hits="0" branch="false"/>
								<line number="921" hits="0" branch="false"/>
								<line number="922" hits="0" branch="true" condition-coverage="0% (0/2)">
									<conditions>
										<condition number="0" type="jump" coverage="0%"/>
									</conditions>
								</line>
								<line number="923" hits="0" branch="false"/>
								<line number="925" hits="0" branch="false"/>
							</lines>
						</method>
						<method name="projectExists" signature="(Ljava/lang/String;Ljava/lang/String;)Z" line-rate="0.0" branch-rate="0.0" complexity="0">
							<lines>
								<line number="1173" hits="0" branch="false"/>
								<line number="1174" hits="0" branch="false"/>
								<line number="1175" hits="0" branch="true" condition-coverage="0% (0/2)">
									<conditions>
										<condition number="0" type="jump" coverage="0%"/>
									</conditions>
								</line>
								<line number="1176" hits="0" branch="false"/>
							</lines>
						</method>
						<method name="sampleExists" signature="(Ljava/lang/String;)Z" line-rate="0.0" branch-rate="0.0" complexity="0">
							<lines>
								<line number="1190" hits="0" branch="true" condition-coverage="0% (0/2)">
									<conditions>
										<condition number="0" type="jump" coverage="0%"/>
									</conditions>
								</line>
							</lines>
						</method>
						<method name="searchSampleByCode" signature="(Ljava/lang/String;)Ljava/util/List;" line-rate="0.0" branch-rate="1.0" complexity="0">
							<lines>
								<line number="1195" hits="0" branch="false"/>
								<line number="1196" hits="0" branch="false"/>
								<line number="1197" hits="0" branch="false"/>
								<line number="1198" hits="0" branch="false"/>
								<line number="1199" hits="0" branch="false"/>
								<line number="1200" hits="0" branch="false"/>
							</lines>
						</method>
						<method name="spaceExists" signature="(Ljava/lang/String;)Z" line-rate="0.0" branch-rate="1.0" complexity="0">
							<lines>
								<line number="1167" hits="0" branch="false"/>
							</lines>
						</method>
						<method name="triggerIngestionService" signature="(Ljava/lang/String;Ljava/util/Map;)Ljava/lang/String;" line-rate="0.0" branch-rate="1.0" complexity="0">
							<lines>
								<line number="897" hits="0" branch="false"/>
							</lines>
						</method>
					</methods>
					<lines>
						<line number="79" hits="0" branch="false"/>
						<line number="83" hits="0" branch="false"/>
						<line number="92" hits="0" branch="false"/>
						<line number="93" hits="0" branch="false"/>
						<line number="94" hits="0" branch="false"/>
						<line number="95" hits="0" branch="false"/>
						<line number="96" hits="0" branch="false"/>
						<line number="98" hits="0" branch="false"/>
						<line number="99" hits="0" branch="false"/>
						<line number="100" hits="0" branch="false"/>
						<line number="101" hits="0" branch="false"/>
						<line number="110" hits="0" branch="false"/>
						<line number="111" hits="0" branch="true" condition-coverage="0% (0/2)">
							<conditions>
								<condition number="0" type="jump" coverage="0%"/>
							</conditions>
						</line>
						<line number="112" hits="0" branch="false"/>
						<line number="114" hits="0" branch="false"/>
						<line number="124" hits="0" branch="false"/>
						<line number="125" hits="0" branch="false"/>
						<line number="126" hits="0" branch="true" condition-coverage="0% (0/2)">
							<conditions>
								<condition number="0" type="jump" coverage="0%"/>
							</conditions>
						</line>
						<line number="127" hits="0" branch="false"/>
						<line number="128" hits="0" branch="false"/>
						<line number="130" hits="0" branch="false"/>
						<line number="140" hits="0" branch="false"/>
						<line number="149" hits="0" branch="false"/>
						<line number="150" hits="0" branch="false"/>
						<line number="151" hits="0" branch="false"/>
						<line number="160" hits="0" branch="true" condition-coverage="0% (0/2)">
							<conditions>
								<condition number="0" type="jump" coverage="0%"/>
							</conditions>
						</line>
						<line number="161" hits="0" branch="false"/>
						<line number="163" hits="0" branch="false"/>
						<line number="167" hits="0" branch="false"/>
						<line number="175" hits="0" branch="true" condition-coverage="0% (0/2)">
							<conditions>
								<condition number="0" type="jump" coverage="0%"/>
							</conditions>
						</line>
						<line number="176" hits="0" branch="false"/>
						<line number="179" hits="0" branch="false"/>
						<line number="180" hits="0" branch="false"/>
						<line number="183" hits="0" branch="true" condition-coverage="0% (0/2)">
							<conditions>
								<condition number="0" type="jump" coverage="0%"/>
							</conditions>
						</line>
						<line number="184" hits="0" branch="false"/>
						<line number="188" hits="0" branch="false"/>
						<line number="189" hits="0" branch="false"/>
						<line number="199" hits="0" branch="false"/>
						<line number="207" hits="0" branch="true" condition-coverage="0% (0/2)">
							<conditions>
								<condition number="0" type="jump" coverage="0%"/>
							</conditions>
						</line>
						<line number="208" hits="0" branch="false"/>
						<line number="210" hits="0" branch="false"/>
						<line number="219" hits="0" branch="false"/>
						<line number="220" hits="0" branch="false"/>
						<line number="221" hits="0" branch="false"/>
						<line number="222" hits="0" branch="false"/>
						<line number="223" hits="0" branch="true" condition-coverage="0% (0/2)">
							<conditions>
								<condition number="0" type="jump" coverage="0%"/>
							</conditions>
						</line>
						<line number="224" hits="0" branch="false"/>
						<line number="225" hits="0" branch="false"/>
						<line number="227" hits="0" branch="false"/>
						<line number="237" hits="0" branch="false"/>
						<line number="238" hits="0" branch="false"/>
						<line number="239" hits="0" branch="false"/>
						<line number="240" hits="0" branch="false"/>
						<line number="250" hits="0" branch="false"/>
						<line number="251" hits="0" branch="false"/>
						<line number="252" hits="0" branch="false"/>
						<line number="253" hits="0" branch="false"/>
						<line number="267" hits="0" branch="false"/>
						<line number="269" hits="0" branch="false"/>
						<line number="270" hits="0" branch="false"/>
						<line number="272" hits="0" branch="false"/>
						<line number="273" hits="0" branch="false"/>
						<line number="274" hits="0" branch="false"/>
						<line number="286" hits="0" branch="false"/>
						<line number="287" hits="0" branch="false"/>
						<line number="288" hits="0" branch="false"/>
						<line number="290" hits="0" branch="false"/>
						<line number="291" hits="0" branch="false"/>
						<line number="292" hits="0" branch="false"/>
						<line number="298" hits="0" branch="false"/>
						<line number="299" hits="0" branch="false"/>
						<line number="300" hits="0" branch="false"/>
						<line number="302" hits="0" branch="false"/>
						<line number="303" hits="0" branch="false"/>
						<line number="305" hits="0" branch="true" condition-coverage="0% (0/2)">
							<conditions>
								<condition number="0" type="jump" coverage="0%"/>
							</conditions>
						</line>
						<line number="306" hits="0" branch="false"/>
						<line number="308" hits="0" branch="false"/>
						<line number="315" hits="0" branch="false"/>
						<line number="316" hits="0" branch="false"/>
						<line number="317" hits="0" branch="false"/>
						<line number="318" hits="0" branch="false"/>
						<line number="320" hits="0" branch="false"/>
						<line number="322" hits="0" branch="false"/>
						<line number="324" hits="0" branch="true" condition-coverage="0% (0/2)">
							<conditions>
								<condition number="0" type="jump" coverage="0%"/>
							</conditions>
						</line>
						<line number="325" hits="0" branch="false"/>
						<line number="327" hits="0" branch="true" condition-coverage="0% (0/2)">
							<conditions>
								<condition number="0" type="jump" coverage="0%"/>
							</conditions>
						</line>
						<line number="328" hits="0" branch="false"/>
						<line number="331" hits="0" branch="false"/>
						<line number="333" hits="0" branch="false"/>
						<line number="338" hits="0" branch="false"/>
						<line number="339" hits="0" branch="false"/>
						<line number="340" hits="0" branch="false"/>
						<line number="341" hits="0" branch="false"/>
						<line number="343" hits="0" branch="false"/>
						<line number="345" hits="0" branch="true" condition-coverage="0% (0/2)">
							<conditions>
								<condition number="0" type="jump" coverage="0%"/>
							</conditions>
						</line>
						<line number="346" hits="0" branch="false"/>
						<line number="348" hits="0" branch="true" condition-coverage="0% (0/2)">
							<conditions>
								<condition number="0" type="jump" coverage="0%"/>
							</conditions>
						</line>
						<line number="349" hits="0" branch="false"/>
						<line number="352" hits="0" branch="false"/>
						<line number="354" hits="0" branch="false"/>
						<line number="359" hits="0" branch="false"/>
						<line number="360" hits="0" branch="false"/>
						<line number="361" hits="0" branch="false"/>
						<line number="362" hits="0" branch="false"/>
						<line number="364" hits="0" branch="false"/>
						<line number="366" hits="0" branch="true" condition-coverage="0% (0/2)">
							<conditions>
								<condition number="0" type="jump" coverage="0%"/>
							</conditions>
						</line>
						<line number="367" hits="0" branch="false"/>
						<line number="369" hits="0" branch="true" condition-coverage="0% (0/2)">
							<conditions>
								<condition number="0" type="jump" coverage="0%"/>
							</conditions>
						</line>
						<line number="370" hits="0" branch="false"/>
						<line number="373" hits="0" branch="false"/>
						<line number="375" hits="0" branch="false"/>
						<line number="380" hits="0" branch="false"/>
						<line number="381" hits="0" branch="false"/>
						<line number="382" hits="0" branch="false"/>
						<line number="383" hits="0" branch="false"/>
						<line number="384" hits="0" branch="false"/>
						<line number="385" hits="0" branch="false"/>
						<line number="387" hits="0" branch="false"/>
						<line number="388" hits="0" branch="false"/>
						<line number="390" hits="0" branch="false"/>
						<line number="402" hits="0" branch="false"/>
						<line number="403" hits="0" branch="false"/>
						<line number="404" hits="0" branch="false"/>
						<line number="406" hits="0" branch="false"/>
						<line number="407" hits="0" branch="false"/>
						<line number="409" hits="0" branch="false"/>
						<line number="414" hits="0" branch="false"/>
						<line number="415" hits="0" branch="false"/>
						<line number="416" hits="0" branch="false"/>
						<line number="417" hits="0" branch="false"/>
						<line number="418" hits="0" branch="false"/>
						<line number="420" hits="0" branch="false"/>
						<line number="421" hits="0" branch="false"/>
						<line number="423" hits="0" branch="false"/>
						<line number="435" hits="0" branch="false"/>
						<line number="436" hits="0" branch="false"/>
						<line number="437" hits="0" branch="false"/>
						<line number="439" hits="0" branch="false"/>
						<line number="440" hits="0" branch="false"/>
						<line number="442" hits="0" branch="false"/>
						<line number="456" hits="0" branch="false"/>
						<line number="457" hits="0" branch="false"/>
						<line number="463" hits="0" branch="false"/>
						<line number="464" hits="0" branch="false"/>
						<line number="465" hits="0" branch="false"/>
						<line number="467" hits="0" branch="false"/>
						<line number="468" hits="0" branch="false"/>
						<line number="470" hits="0" branch="false"/>
						<line number="475" hits="0" branch="false"/>
						<line number="476" hits="0" branch="false"/>
						<line number="477" hits="0" branch="true" condition-coverage="0% (0/2)">
							<conditions>
								<condition number="0" type="jump" coverage="0%"/>
							</conditions>
						</line>
						<line number="478" hits="0" branch="false"/>
						<line number="479" hits="0" branch="false"/>
						<line number="480" hits="0" branch="false"/>
						<line number="482" hits="0" branch="false"/>
						<line number="487" hits="0" branch="false"/>
						<line number="488" hits="0" branch="false"/>
						<line number="489" hits="0" branch="false"/>
						<line number="491" hits="0" branch="false"/>
						<line number="492" hits="0" branch="false"/>
						<line number="494" hits="0" branch="false"/>
						<line number="499" hits="0" branch="false"/>
						<line number="500" hits="0" branch="false"/>
						<line number="501" hits="0" branch="false"/>
						<line number="503" hits="0" branch="false"/>
						<line number="504" hits="0" branch="false"/>
						<line number="506" hits="0" branch="false"/>
						<line number="511" hits="0" branch="false"/>
						<line number="512" hits="0" branch="false"/>
						<line number="513" hits="0" branch="false"/>
						<line number="515" hits="0" branch="false"/>
						<line number="516" hits="0" branch="false"/>
						<line number="517" hits="0" branch="false"/>
						<line number="522" hits="0" branch="false"/>
						<line number="523" hits="0" branch="false"/>
						<line number="524" hits="0" branch="false"/>
						<line number="526" hits="0" branch="false"/>
						<line number="528" hits="0" branch="false"/>
						<line number="540" hits="0" branch="false"/>
						<line number="541" hits="0" branch="false"/>
						<line number="544" hits="0" branch="false"/>
						<line number="545" hits="0" branch="false"/>
						<line number="546" hits="0" branch="true" condition-coverage="0% (0/2)">
							<conditions>
								<condition number="0" type="jump" coverage="0%"/>
							</conditions>
						</line>
						<line number="547" hits="0" branch="true" condition-coverage="0% (0/2)">
							<conditions>
								<condition number="0" type="jump" coverage="0%"/>
							</conditions>
						</line>
						<line number="548" hits="0" branch="false"/>
						<line number="549" hits="0" branch="false"/>
						<line number="551" hits="0" branch="false"/>
						<line number="552" hits="0" branch="false"/>
						<line number="554" hits="0" branch="false"/>
						<line number="555" hits="0" branch="false"/>
						<line number="556" hits="0" branch="false"/>
						<line number="557" hits="0" branch="false"/>
						<line number="559" hits="0" branch="false"/>
						<line number="569" hits="0" branch="false"/>
						<line number="570" hits="0" branch="false"/>
						<line number="571" hits="0" branch="false"/>
						<line number="572" hits="0" branch="false"/>
						<line number="573" hits="0" branch="false"/>
						<line number="574" hits="0" branch="false"/>
						<line number="575" hits="0" branch="true" condition-coverage="0% (0/2)">
							<conditions>
								<condition number="0" type="jump" coverage="0%"/>
							</conditions>
						</line>
						<line number="576" hits="0" branch="true" condition-coverage="0% (0/2)">
							<conditions>
								<condition number="0" type="jump" coverage="0%"/>
							</conditions>
						</line>
						<line number="577" hits="0" branch="true" condition-coverage="0% (0/2)">
							<conditions>
								<condition number="0" type="jump" coverage="0%"/>
							</conditions>
						</line>
						<line number="578" hits="0" branch="false"/>
						<line number="580" hits="0" branch="false"/>
						<line number="581" hits="0" branch="false"/>
						<line number="582" hits="0" branch="false"/>
						<line number="587" hits="0" branch="false"/>
						<line number="588" hits="0" branch="false"/>
						<line number="589" hits="0" branch="false"/>
						<line number="590" hits="0" branch="false"/>
						<line number="591" hits="0" branch="false"/>
						<line number="593" hits="0" branch="false"/>
						<line number="595" hits="0" branch="true" condition-coverage="0% (0/2)">
							<conditions>
								<condition number="0" type="jump" coverage="0%"/>
							</conditions>
						</line>
						<line number="596" hits="0" branch="false"/>
						<line number="598" hits="0" branch="false"/>
						<line number="604" hits="0" branch="false"/>
						<line number="605" hits="0" branch="false"/>
						<line number="606" hits="0" branch="false"/>
						<line number="607" hits="0" branch="false"/>
						<line number="608" hits="0" branch="false"/>
						<line number="610" hits="0" branch="false"/>
						<line number="612" hits="0" branch="true" condition-coverage="0% (0/2)">
							<conditions>
								<condition number="0" type="jump" coverage="0%"/>
							</conditions>
						</line>
						<line number="613" hits="0" branch="false"/>
						<line number="615" hits="0" branch="false"/>
						<line number="621" hits="0" branch="false"/>
						<line number="622" hits="0" branch="false"/>
						<line number="623" hits="0" branch="false"/>
						<line number="625" hits="0" branch="false"/>
						<line number="626" hits="0" branch="false"/>
						<line number="628" hits="0" branch="true" condition-coverage="0% (0/2)">
							<conditions>
								<condition number="0" type="jump" coverage="0%"/>
							</conditions>
						</line>
						<line number="629" hits="0" branch="false"/>
						<line number="631" hits="0" branch="false"/>
						<line number="637" hits="0" branch="false"/>
						<line number="638" hits="0" branch="false"/>
						<line number="639" hits="0" branch="false"/>
						<line number="640" hits="0" branch="false"/>
						<line number="642" hits="0" branch="false"/>
						<line number="643" hits="0" branch="false"/>
						<line number="645" hits="0" branch="true" condition-coverage="0% (0/2)">
							<conditions>
								<condition number="0" type="jump" coverage="0%"/>
							</conditions>
						</line>
						<line number="646" hits="0" branch="false"/>
						<line number="648" hits="0" branch="false"/>
						<line number="653" hits="0" branch="false"/>
						<line number="654" hits="0" branch="false"/>
						<line number="655" hits="0" branch="false"/>
						<line number="656" hits="0" branch="false"/>
						<line number="657" hits="0" branch="false"/>
						<line number="659" hits="0" branch="true" condition-coverage="0% (0/2)">
							<conditions>
								<condition number="0" type="jump" coverage="0%"/>
							</conditions>
						</line>
						<line number="660" hits="0" branch="false"/>
						<line number="662" hits="0" branch="false"/>
						<line number="675" hits="0" branch="false"/>
						<line number="676" hits="0" branch="false"/>
						<line number="677" hits="0" branch="false"/>
						<line number="678" hits="0" branch="false"/>
						<line number="680" hits="0" branch="false"/>
						<line number="692" hits="0" branch="false"/>
						<line number="693" hits="0" branch="false"/>
						<line number="694" hits="0" branch="false"/>
						<line number="696" hits="0" branch="false"/>
						<line number="708" hits="0" branch="false"/>
						<line number="709" hits="0" branch="false"/>
						<line number="710" hits="0" branch="false"/>
						<line number="712" hits="0" branch="false"/>
						<line number="723" hits="0" branch="false"/>
						<line number="724" hits="0" branch="false"/>
						<line number="725" hits="0" branch="false"/>
						<line number="726" hits="0" branch="false"/>
						<line number="737" hits="0" branch="false"/>
						<line number="738" hits="0" branch="false"/>
						<line number="739" hits="0" branch="false"/>
						<line number="740" hits="0" branch="false"/>
						<line number="752" hits="0" branch="false"/>
						<line number="764" hits="0" branch="false"/>
						<line number="769" hits="0" branch="false"/>
						<line number="770" hits="0" branch="false"/>
						<line number="771" hits="0" branch="false"/>
						<line number="773" hits="0" branch="false"/>
						<line number="775" hits="0" branch="false"/>
						<line number="780" hits="0" branch="false"/>
						<line number="782" hits="0" branch="false"/>
						<line number="787" hits="0" branch="false"/>
						<line number="789" hits="0" branch="false"/>
						<line number="801" hits="0" branch="false"/>
						<line number="814" hits="0" branch="false"/>
						<line number="827" hits="0" branch="false"/>
						<line number="832" hits="0" branch="false"/>
						<line number="833" hits="0" branch="false"/>
						<line number="835" hits="0" branch="false"/>
						<line number="836" hits="0" branch="false"/>
						<line number="838" hits="0" branch="true" condition-coverage="0% (0/2)">
							<conditions>
								<condition number="0" type="jump" coverage="0%"/>
							</conditions>
						</line>
						<line number="839" hits="0" branch="false"/>
						<line number="841" hits="0" branch="false"/>
						<line number="853" hits="0" branch="false"/>
						<line number="854" hits="0" branch="false"/>
						<line number="856" hits="0" branch="false"/>
						<line number="857" hits="0" branch="true" condition-coverage="0% (0/2)">
							<conditions>
								<condition number="0" type="jump" coverage="0%"/>
							</conditions>
						</line>
						<line number="858" hits="0" branch="false"/>
						<line number="859" hits="0" branch="false"/>
						<line number="861" hits="0" branch="false"/>
						<line number="875" hits="0" branch="false"/>
						<line number="876" hits="0" branch="false"/>
						<line number="878" hits="0" branch="false"/>
						<line number="879" hits="0" branch="false"/>
						<line number="881" hits="0" branch="true" condition-coverage="0% (0/2)">
							<conditions>
								<condition number="0" type="jump" coverage="0%"/>
							</conditions>
						</line>
						<line number="882" hits="0" branch="false"/>
						<line number="884" hits="0" branch="false"/>
						<line number="897" hits="0" branch="false"/>
						<line number="902" hits="0" branch="false"/>
						<line number="903" hits="0" branch="false"/>
						<line number="904" hits="0" branch="false"/>
						<line number="905" hits="0" branch="false"/>
						<line number="907" hits="0" branch="false"/>
						<line number="919" hits="0" branch="false"/>
						<line number="920" hits="0" branch="false"/>
						<line number="921" hits="0" branch="false"/>
						<line number="922" hits="0" branch="true" condition-coverage="0% (0/2)">
							<conditions>
								<condition number="0" type="jump" coverage="0%"/>
							</conditions>
						</line>
						<line number="923" hits="0" branch="false"/>
						<line number="925" hits="0" branch="false"/>
						<line number="944" hits="0" branch="false"/>
						<line number="945" hits="0" branch="false"/>
						<line number="946" hits="0" branch="false"/>
						<line number="948" hits="0" branch="false"/>
						<line number="949" hits="0" branch="false"/>
						<line number="950" hits="0" branch="false"/>
						<line number="951" hits="0" branch="false"/>
						<line number="952" hits="0" branch="false"/>
						<line number="953" hits="0" branch="false"/>
						<line number="959" hits="0" branch="false"/>
						<line number="960" hits="0" branch="false"/>
						<line number="961" hits="0" branch="false"/>
						<line number="963" hits="0" branch="false"/>
						<line number="964" hits="0" branch="false"/>
						<line number="965" hits="0" branch="false"/>
						<line number="966" hits="0" branch="false"/>
						<line number="967" hits="0" branch="false"/>
						<line number="968" hits="0" branch="false"/>
						<line number="974" hits="0" branch="false"/>
						<line number="975" hits="0" branch="true" condition-coverage="0% (0/2)">
							<conditions>
								<condition number="0" type="jump" coverage="0%"/>
							</conditions>
						</line>
						<line number="976" hits="0" branch="false"/>
						<line number="978" hits="0" branch="false"/>
						<line number="979" hits="0" branch="false"/>
						<line number="980" hits="0" branch="false"/>
						<line number="981" hits="0" branch="false"/>
						<line number="982" hits="0" branch="true" condition-coverage="0% (0/2)">
							<conditions>
								<condition number="0" type="jump" coverage="0%"/>
							</conditions>
						</line>
						<line number="983" hits="0" branch="false"/>
						<line number="984" hits="0" branch="false"/>
						<line number="985" hits="0" branch="false"/>
[...]
						<line number="1119" hits="0" branch="false"/>
						<line number="1120" hits="0" branch="true" condition-coverage="0% (0/2)">
							<conditions>
								<condition number="0" type="jump" coverage="0%"/>
							</conditions>
						</line>
						<line number="1121" hits="0" branch="false"/>
						<line number="1122" hits="0" branch="true" condition-coverage="0% (0/2)">
							<conditions>
								<condition number="0" type="jump" coverage="0%"/>
							</conditions>
						</line>
						<line number="1123" hits="0" branch="true" condition-coverage="0% (0/2)">
							<conditions>
								<condition number="0" type="jump" coverage="0%"/>
							</conditions>
						</line>
						<line number="1124" hits="0" branch="false"/>
						<line number="1125" hits="0" branch="true" condition-coverage="0% (0/2)">
							<conditions>
								<condition number="0" type="jump" coverage="0%"/>
							</conditions>
						</line>
						<line number="1126" hits="0" branch="false"/>
						<line number="1128" hits="0" branch="false"/>
						<line number="1129" hits="0" branch="false"/>
						<line number="1130" hits="0" branch="false"/>
						<line number="1131" hits="0" branch="false"/>
						<line number="1132" hits="0" branch="true" condition-coverage="0% (0/2)">
							<conditions>
								<condition number="0" type="jump" coverage="0%"/>
							</conditions>
						</line>
						<line number="1133" hits="0" branch="false"/>
						<line number="1135" hits="0" branch="false"/>
						<line number="1136" hits="0" branch="false"/>
						<line number="1137" hits="0" branch="false"/>
						<line number="1138" hits="0" branch="false"/>
						<line number="1139" hits="0" branch="true" condition-coverage="0% (0/2)">
							<conditions>
								<condition number="0" type="jump" coverage="0%"/>
							</conditions>
						</line>
						<line number="1140" hits="0" branch="false"/>
						<line number="1141" hits="0" branch="true" condition-coverage="0% (0/2)">
							<conditions>
								<condition number="0" type="jump" coverage="0%"/>
							</conditions>
						</line>
						<line number="1142" hits="0" branch="true" condition-coverage="0% (0/2)">
							<conditions>
								<condition number="0" type="jump" coverage="0%"/>
							</conditions>
						</line>
						<line number="1143" hits="0" branch="false"/>
						<line number="1144" hits="0" branch="false"/>
						<line number="1145" hits="0" branch="true" condition-coverage="0% (0/2)">
							<conditions>
								<condition number="0" type="jump" coverage="0%"/>
							</conditions>
						</line>
						<line number="1146" hits="0" branch="false"/>
						<line number="1147" hits="0" branch="true" condition-coverage="0% (0/2)">
							<conditions>
								<condition number="0" type="jump" coverage="0%"/>
							</conditions>
						</line>
						<line number="1148" hits="0" branch="false"/>
						<line number="1149" hits="0" branch="false"/>
						<line number="1150" hits="0" branch="false"/>
						<line number="1151" hits="0" branch="false"/>
						<line number="1152" hits="0" branch="false"/>
						<line number="1153" hits="0" branch="false"/>
						<line number="1154" hits="0" branch="false"/>
						<line number="1155" hits="0" branch="false"/>
						<line number="1162" hits="0" branch="false"/>
						<line number="1167" hits="0" branch="false"/>
						<line number="1173" hits="0" branch="false"/>
						<line number="1174" hits="0" branch="false"/>
						<line number="1175" hits="0" branch="true" condition-coverage="0% (0/2)">
							<conditions>
								<condition number="0" type="jump" coverage="0%"/>
							</conditions>
						</line>
						<line number="1176" hits="0" branch="false"/>
						<line number="1181" hits="0" branch="false"/>
						<line number="1182" hits="0" branch="false"/>
						<line number="1184" hits="0" branch="true" condition-coverage="0% (0/2)">
							<conditions>
								<condition number="0" type="jump" coverage="0%"/>
							</conditions>
						</line>
						<line number="1185" hits="0" branch="false"/>
						<line number="1190" hits="0" branch="true" condition-coverage="0% (0/2)">
							<conditions>
								<condition number="0" type="jump" coverage="0%"/>
							</conditions>
						</line>
						<line number="1195" hits="0" branch="false"/>
						<line number="1196" hits="0" branch="false"/>
						<line number="1197" hits="0" branch="false"/>
						<line number="1198" hits="0" branch="false"/>
						<line number="1199" hits="0" branch="false"/>
						<line number="1200" hits="0" branch="false"/>
						<line number="1211" hits="0" branch="false"/>
						<line number="1213" hits="0" branch="false"/>
						<line number="1214" hits="0" branch="false"/>
						<line number="1216" hits="0" branch="true" condition-coverage="0% (0/2)">
							<conditions>
								<condition number="0" type="jump" coverage="0%"/>
							</conditions>
						</line>
						<line number="1217" hits="0" branch="true" condition-coverage="0% (0/2)">
							<conditions>
								<condition number="0" type="jump" coverage="0%"/>
							</conditions>
						</line>
						<line number="1218" hits="0" branch="true" condition-coverage="0% (0/2)">
							<conditions>
								<condition number="0" type="jump" coverage="0%"/>
							</conditions>
						</line>
						<line number="1219" hits="0" branch="false"/>
						<line number="1222" hits="0" branch="false"/>
						<line number="1223" hits="0" branch="true" condition-coverage="0% (0/2)">
							<conditions>
								<condition number="0" type="jump" coverage="0%"/>
							</conditions>
						</line>
						<line number="1224" hits="0" branch="false"/>
						<line number="1226" hits="0" branch="false"/>
						<line number="1240" hits="0" branch="false"/>
						<line number="1242" hits="0" branch="false"/>
						<line number="1244" hits="0" branch="true" condition-coverage="0% (0/2)">
							<conditions>
								<condition number="0" type="jump" coverage="0%"/>
							</conditions>
						</line>
						<line number="1245" hits="0" branch="true" condition-coverage="0% (0/2)">
							<conditions>
								<condition number="0" type="jump" coverage="0%"/>
							</conditions>
						</line>
						<line number="1246" hits="0" branch="true" condition-coverage="0% (0/2)">
							<conditions>
								<condition number="0" type="jump" coverage="0%"/>
							</conditions>
						</line>
						<line number="1247" hits="0" branch="false"/>
						<line number="1250" hits="0" branch="false"/>
						<line number="1251" hits="0" branch="true" condition-coverage="0% (0/2)">
							<conditions>
								<condition number="0" type="jump" coverage="0%"/>
							</conditions>
						</line>
						<line number="1252" hits="0" branch="false"/>
						<line number="1254" hits="0" branch="false"/>
						<line number="1266" hits="0" branch="false"/>
						<line number="1267" hits="0" branch="false"/>
						<line number="1269" hits="0" branch="false"/>
						<line number="1270" hits="0" branch="false"/>
						<line number="1271" hits="0" branch="false"/>
						<line number="1273" hits="0" branch="false"/>
						<line number="1274" hits="0" branch="true" condition-coverage="0% (0/2)">
							<conditions>
								<condition number="0" type="jump" coverage="0%"/>
							</conditions>
						</line>
						<line number="1275" hits="0" branch="true" condition-coverage="0% (0/4)">
							<conditions>
								<condition number="0" type="jump" coverage="0%"/>
								<condition number="1" type="jump" coverage="0%"/>
							</conditions>
						</line>
						<line number="1276" hits="0" branch="false"/>
						<line number="1278" hits="0" branch="false"/>
						<line number="1280" hits="0" branch="false"/>
						<line number="1281" hits="0" branch="false"/>
						<line number="1303" hits="0" branch="false"/>
						<line number="1315" hits="0" branch="false"/>
						<line number="1326" hits="0" branch="false"/>
						<line number="1328" hits="0" branch="false"/>
						<line number="1330" hits="0" branch="false"/>
						<line number="1331" hits="0" branch="false"/>
						<line number="1332" hits="0" branch="false"/>
						<line number="1333" hits="0" branch="false"/>
						<line number="1335" hits="0" branch="false"/>
						<line number="1336" hits="0" branch="false"/>
						<line number="1337" hits="0" branch="false"/>
						<line number="1338" hits="0" branch="false"/>
						<line number="1339" hits="0" branch="true" condition-coverage="0% (0/4)">
							<conditions>
								<condition number="0" type="jump" coverage="0%"/>
								<condition number="1" type="jump" coverage="0%"/>
							</conditions>
						</line>
						<line number="1340" hits="0" branch="false"/>
						<line number="1342" hits="0" branch="false"/>
						<line number="1348" hits="0" branch="false"/>
						<line number="1350" hits="0" branch="false"/>
						<line number="1351" hits="0" branch="false"/>
						<line number="1352" hits="0" branch="false"/>
						<line number="1354" hits="0" branch="false"/>
						<line number="1358" hits="0" branch="false"/>
						<line number="1359" hits="0" branch="true" condition-coverage="0% (0/2)">
							<conditions>
								<condition number="0" type="jump" coverage="0%"/>
							</conditions>
						</line>
						<line number="1360" hits="0" branch="false"/>
						<line number="1361" hits="0" branch="false"/>
						<line number="1362" hits="0" branch="false"/>
						<line number="1363" hits="0" branch="false"/>
						<line number="1365" hits="0" branch="true" condition-coverage="0% (0/2)">
							<conditions>
								<condition number="0" type="jump" coverage="0%"/>
							</conditions>
						</line>
						<line number="1366" hits="0" branch="false"/>
						<line number="1368" hits="0" branch="false"/>
						<line number="1380" hits="0" branch="false"/>
						<line number="1385" hits="0" branch="false"/>
						<line number="1396" hits="0" branch="false"/>
						<line number="1408" hits="0" branch="false"/>
						<line number="1419" hits="0" branch="false"/>
						<line number="1431" hits="0" branch="false"/>
					</lines>
				</class>
			</classes>
		</package>
		<package name="life.qbic.openbis.openbisclient.helper" line-rate="0.0" branch-rate="0.0" complexity="1.1428571428571428">
			<classes>
				<class name="life.qbic.openbis.openbisclient.helper.OpenBisClientHelper" filename="life/qbic/openbis/openbisclient/helper/OpenBisClientHelper.java" line-rate="0.0" branch-rate="0.0" complexity="1.1428571428571428">
					<methods>
						<method name="&lt;init&gt;" signature="()V" line-rate="0.0" branch-rate="1.0" complexity="0">
							<lines>
								<line number="16" hits="0" branch="false"/>
							</lines>
						</method>
						<method name="fetchDataSetsCompletely" signature="()Lch/ethz/sis/openbis/generic/asapi/v3/dto/dataset/fetchoptions/DataSetFetchOptions;" line-rate="0.0" branch-rate="1.0" complexity="0">
							<lines>
								<line number="73" hits="0" branch="false"/>
								<line number="74" hits="0" branch="false"/>
								<line number="75" hits="0" branch="false"/>
								<line number="76" hits="0" branch="false"/>
								<line number="77" hits="0" branch="false"/>
								<line number="78" hits="0" branch="false"/>
								<line number="79" hits="0" branch="false"/>
								<line number="80" hits="0" branch="false"/>
								<line number="81" hits="0" branch="false"/>
								<line number="82" hits="0" branch="false"/>
								<line number="83" hits="0" branch="false"/>
								<line number="84" hits="0" branch="false"/>
								<line number="85" hits="0" branch="false"/>
								<line number="86" hits="0" branch="false"/>
								<line number="87" hits="0" branch="false"/>
								<line number="88" hits="0" branch="false"/>
								<line number="89" hits="0" branch="false"/>
								<line number="91" hits="0" branch="false"/>
							</lines>
						</method>
						<method name="fetchExperimentTypesCompletely" signature="()Lch/ethz/sis/openbis/generic/asapi/v3/dto/experiment/fetchoptions/ExperimentTypeFetchOptions;" line-rate="0.0" branch-rate="1.0" complexity="0">
							<lines>
								<line number="102" hits="0" branch="false"/>
								<line number="103" hits="0" branch="false"/>
								<line number="105" hits="0" branch="false"/>
							</lines>
						</method>
						<method name="fetchExperimentsCompletely" signature="()Lch/ethz/sis/openbis/generic/asapi/v3/dto/experiment/fetchoptions/ExperimentFetchOptions;" line-rate="0.0" branch-rate="1.0" complexity="0">
							<lines>
								<line number="56" hits="0" branch="false"/>
								<line number="57" hits="0" branch="false"/>
								<line number="58" hits="0" branch="false"/>
								<line number="59" hits="0" branch="false"/>
								<line number="60" hits="0" branch="false"/>
								<line number="61" hits="0" branch="false"/>
								<line number="62" hits="0" branch="false"/>
								<line number="63" hits="0" branch="false"/>
								<line number="64" hits="0" branch="false"/>
								<line number="65" hits="0" branch="false"/>
								<line number="66" hits="0" branch="false"/>
								<line number="67" hits="0" branch="false"/>
								<line number="69" hits="0" branch="false"/>
							</lines>
						</method>
						<method name="fetchProjectsCompletely" signature="()Lch/ethz/sis/openbis/generic/asapi/v3/dto/project/fetchoptions/ProjectFetchOptions;" line-rate="0.0" branch-rate="1.0" complexity="0">
							<lines>
								<line number="41" hits="0" branch="false"/>
								<line number="42" hits="0" branch="false"/>
								<line number="43" hits="0" branch="false"/>
								<line number="44" hits="0" branch="false"/>
								<line number="45" hits="0" branch="false"/>
								<line number="46" hits="0" branch="false"/>
								<line number="47" hits="0" branch="false"/>
								<line number="48" hits="0" branch="false"/>
								<line number="50" hits="0" branch="false"/>
								<line number="52" hits="0" branch="false"/>
							</lines>
						</method>
						<method name="fetchSampleTypesCompletely" signature="()Lch/ethz/sis/openbis/generic/asapi/v3/dto/sample/fetchoptions/SampleTypeFetchOptions;" line-rate="0.0" branch-rate="1.0" complexity="0">
							<lines>
								<line number="95" hits="0" branch="false"/>
								<line number="96" hits="0" branch="false"/>
								<line number="98" hits="0" branch="false"/>
							</lines>
						</method>
						<method name="fetchSamplesCompletely" signature="()Lch/ethz/sis/openbis/generic/asapi/v3/dto/sample/fetchoptions/SampleFetchOptions;" line-rate="0.0" branch-rate="1.0" complexity="0">
							<lines>
								<line number="19" hits="0" branch="false"/>
								<line number="20" hits="0" branch="false"/>
								<line number="21" hits="0" branch="false"/>
								<line number="22" hits="0" branch="false"/>
								<line number="23" hits="0" branch="false"/>
								<line number="24" hits="0" branch="false"/>
								<line number="25" hits="0" branch="false"/>
								<line number="26" hits="0" branch="false"/>
								<line number="27" hits="0" branch="false"/>
								<line number="29" hits="0" branch="false"/>
								<line number="30" hits="0" branch="false"/>
								<line number="31" hits="0" branch="false"/>
								<line number="32" hits="0" branch="false"/>
								<line number="33" hits="0" branch="false"/>
								<line number="34" hits="0" branch="false"/>
								<line number="35" hits="0" branch="false"/>
								<line number="37" hits="0" branch="false"/>
							</lines>
						</method>
						<method name="getPropertiesOfEntityType" signature="(Lch/ethz/sis/openbis/generic/asapi/v3/dto/common/interfaces/IEntityType;)Ljava/util/List;" line-rate="0.0" branch-rate="0.0" complexity="0">
							<lines>
								<line number="114" hits="0" branch="false"/>
								<line number="115" hits="0" branch="false"/>
								<line number="116" hits="0" branch="true" condition-coverage="0% (0/2)">
									<conditions>
										<condition number="0" type="jump" coverage="0%"/>
									</conditions>
								</line>
								<line number="117" hits="0" branch="false"/>
								<line number="118" hits="0" branch="false"/>
								<line number="119" hits="0" branch="false"/>
							</lines>
						</method>
					</methods>
					<lines>
						<line number="16" hits="0" branch="false"/>
						<line number="19" hits="0" branch="false"/>
						<line number="20" hits="0" branch="false"/>
						<line number="21" hits="0" branch="false"/>
						<line number="22" hits="0" branch="false"/>
						<line number="23" hits="0" branch="false"/>
						<line number="24" hits="0" branch="false"/>
						<line number="25" hits="0" branch="false"/>
						<line number="26" hits="0" branch="false"/>
						<line number="27" hits="0" branch="false"/>
						<line number="29" hits="0" branch="false"/>
						<line number="30" hits="0" branch="false"/>
						<line number="31" hits="0" branch="false"/>
						<line number="32" hits="0" branch="false"/>
						<line number="33" hits="0" branch="false"/>
						<line number="34" hits="0" branch="false"/>
						<line number="35" hits="0" branch="false"/>
						<line number="37" hits="0" branch="false"/>
						<line number="41" hits="0" branch="false"/>
						<line number="42" hits="0" branch="false"/>
						<line number="43" hits="0" branch="false"/>
						<line number="44" hits="0" branch="false"/>
						<line number="45" hits="0" branch="false"/>
						<line number="46" hits="0" branch="false"/>
						<line number="47" hits="0" branch="false"/>
						<line number="48" hits="0" branch="false"/>
						<line number="50" hits="0" branch="false"/>
						<line number="52" hits="0" branch="false"/>
						<line number="56" hits="0" branch="false"/>
						<line number="57" hits="0" branch="false"/>
						<line number="58" hits="0" branch="false"/>
						<line number="59" hits="0" branch="false"/>
						<line number="60" hits="0" branch="false"/>
						<line number="61" hits="0" branch="false"/>
						<line number="62" hits="0" branch="false"/>
						<line number="63" hits="0" branch="false"/>
						<line number="64" hits="0" branch="false"/>
						<line number="65" hits="0" branch="false"/>
						<line number="66" hits="0" branch="false"/>
						<line number="67" hits="0" branch="false"/>
						<line number="69" hits="0" branch="false"/>
						<line number="73" hits="0" branch="false"/>
						<line number="74" hits="0" branch="false"/>
						<line number="75" hits="0" branch="false"/>
						<line number="76" hits="0" branch="false"/>
						<line number="77" hits="0" branch="false"/>
						<line number="78" hits="0" branch="false"/>
						<line number="79" hits="0" branch="false"/>
						<line number="80" hits="0" branch="false"/>
						<line number="81" hits="0" branch="false"/>
						<line number="82" hits="0" branch="false"/>
						<line number="83" hits="0" branch="false"/>
						<line number="84" hits="0" branch="false"/>
						<line number="85" hits="0" branch="false"/>
						<line number="86" hits="0" branch="false"/>
						<line number="87" hits="0" branch="false"/>
						<line number="88" hits="0" branch="false"/>
						<line number="89" hits="0" branch="false"/>
						<line number="91" hits="0" branch="false"/>
						<line number="95" hits="0" branch="false"/>
						<line number="96" hits="0" branch="false"/>
						<line number="98" hits="0" branch="false"/>
						<line number="102" hits="0" branch="false"/>
						<line number="103" hits="0" branch="false"/>
						<line number="105" hits="0" branch="false"/>
						<line number="114" hits="0" branch="false"/>
						<line number="115" hits="0" branch="false"/>
						<line number="116" hits="0" branch="true" condition-coverage="0% (0/2)">
							<conditions>
								<condition number="0" type="jump" coverage="0%"/>
							</conditions>
						</line>
						<line number="117" hits="0" branch="false"/>
						<line number="118" hits="0" branch="false"/>
						<line number="119" hits="0" branch="false"/>
					</lines>
				</class>
			</classes>
		</package>
	</packages>
</coverage>
